Classic Timing Analyzer report for EN0
Tue May 22 20:39:52 2018
Quartus II Version 8.1 Build 163 10/28/2008 SJ Web Edition


---------------------
; Table of Contents ;
---------------------
  1. Legal Notice
  2. Timing Analyzer Summary
  3. Timing Analyzer Settings
  4. tpd
  5. Timing Analyzer Messages



----------------
; Legal Notice ;
----------------
Copyright (C) 1991-2008 Altera Corporation
Your use of Altera Corporation's design tools, logic functions 
and other software and tools, and its AMPP partner logic 
functions, and any output files from any of the foregoing 
(including device programming or simulation files), and any 
associated documentation or information are expressly subject 
to the terms and conditions of the Altera Program License 
Subscription Agreement, Altera MegaCore Function License 
Agreement, or other applicable license agreement, including, 
without limitation, that your use is for the sole purpose of 
programming logic devices manufactured by Altera and sold by 
Altera or its authorized distributors.  Please refer to the 
applicable agreement for further details.



+------------------------------------------------------------------------------------------------------------------------+
; Timing Analyzer Summary                                                                                                ;
+------------------------------+-------+---------------+-------------+------+-----+------------+----------+--------------+
; Type                         ; Slack ; Required Time ; Actual Time ; From ; To  ; From Clock ; To Clock ; Failed Paths ;
+------------------------------+-------+---------------+-------------+------+-----+------------+----------+--------------+
; Worst-case tpd               ; N/A   ; None          ; 13.068 ns   ; AND  ; EN0 ; --         ; --       ; 0            ;
; Total number of failed paths ;       ;               ;             ;      ;     ;            ;          ; 0            ;
+------------------------------+-------+---------------+-------------+------+-----+------------+----------+--------------+


+--------------------------------------------------------------------------------------------------------------------+
; Timing Analyzer Settings                                                                                           ;
+---------------------------------------------------------------------+--------------------+------+----+-------------+
; Option                                                              ; Setting            ; From ; To ; Entity Name ;
+---------------------------------------------------------------------+--------------------+------+----+-------------+
; Device Name                                                         ; EP2C8Q208C7        ;      ;    ;             ;
; Timing Models                                                       ; Final              ;      ;    ;             ;
; Default hold multicycle                                             ; Same as Multicycle ;      ;    ;             ;
; Cut paths between unrelated clock domains                           ; On                 ;      ;    ;             ;
; Cut off read during write signal paths                              ; On                 ;      ;    ;             ;
; Cut off feedback from I/O pins                                      ; On                 ;      ;    ;             ;
; Report Combined Fast/Slow Timing                                    ; Off                ;      ;    ;             ;
; Ignore Clock Settings                                               ; Off                ;      ;    ;             ;
; Analyze latches as synchronous elements                             ; On                 ;      ;    ;             ;
; Enable Recovery/Removal analysis                                    ; Off                ;      ;    ;             ;
; Enable Clock Latency                                                ; Off                ;      ;    ;             ;
; Use TimeQuest Timing Analyzer                                       ; Off                ;      ;    ;             ;
; Minimum Core Junction Temperature                                   ; 0                  ;      ;    ;             ;
; Maximum Core Junction Temperature                                   ; 85                 ;      ;    ;             ;
; Number of source nodes to report per destination node               ; 10                 ;      ;    ;             ;
; Number of destination nodes to report                               ; 10                 ;      ;    ;             ;
; Number of paths to report                                           ; 200                ;      ;    ;             ;
; Report Minimum Timing Checks                                        ; Off                ;      ;    ;             ;
; Use Fast Timing Models                                              ; Off                ;      ;    ;             ;
; Report IO Paths Separately                                          ; Off                ;      ;    ;             ;
; Perform Multicorner Analysis                                        ; On                 ;      ;    ;             ;
; Reports the worst-case path for each clock domain and analysis      ; Off                ;      ;    ;             ;
; Removes common clock path pessimism (CCPP) during slack computation ; Off                ;      ;    ;             ;
; Output I/O Timing Endpoint                                          ; Near End           ;      ;    ;             ;
+---------------------------------------------------------------------+--------------------+------+----+-------------+


+-----------------------------------------------------------+
; tpd                                                       ;
+-------+-------------------+-----------------+-------+-----+
; Slack ; Required P2P Time ; Actual P2P Time ; From  ; To  ;
+-------+-------------------+-----------------+-------+-----+
; N/A   ; None              ; 13.068 ns       ; AND   ; EN0 ;
; N/A   ; None              ; 12.987 ns       ; STOR2 ; EN0 ;
; N/A   ; None              ; 12.826 ns       ; LOAD1 ; EN0 ;
; N/A   ; None              ; 12.775 ns       ; NOT   ; EN0 ;
; N/A   ; None              ; 12.717 ns       ; ADD   ; EN0 ;
; N/A   ; None              ; 12.664 ns       ; STOR4 ; EN0 ;
; N/A   ; None              ; 12.629 ns       ; LOAD3 ; EN0 ;
; N/A   ; None              ; 12.582 ns       ; SUB   ; EN0 ;
; N/A   ; None              ; 12.554 ns       ; STOR1 ; EN0 ;
; N/A   ; None              ; 12.483 ns       ; LOAD2 ; EN0 ;
; N/A   ; None              ; 12.477 ns       ; LOAD7 ; EN0 ;
; N/A   ; None              ; 12.444 ns       ; B0    ; EN0 ;
; N/A   ; None              ; 12.352 ns       ; MOV0  ; EN0 ;
; N/A   ; None              ; 12.260 ns       ; LOAD0 ; EN0 ;
; N/A   ; None              ; 11.992 ns       ; OR    ; EN0 ;
; N/A   ; None              ; 11.930 ns       ; STOR0 ; EN0 ;
; N/A   ; None              ; 11.854 ns       ; STOR5 ; EN0 ;
; N/A   ; None              ; 11.841 ns       ; XOR   ; EN0 ;
; N/A   ; None              ; 11.816 ns       ; LOAD6 ; EN0 ;
; N/A   ; None              ; 11.575 ns       ; LOAD4 ; EN0 ;
; N/A   ; None              ; 11.309 ns       ; W1    ; EN0 ;
; N/A   ; None              ; 11.008 ns       ; W2    ; EN0 ;
; N/A   ; None              ; 8.233 ns        ; MOV1  ; EN0 ;
; N/A   ; None              ; 7.871 ns        ; STOR3 ; EN0 ;
; N/A   ; None              ; 7.839 ns        ; B1    ; EN0 ;
; N/A   ; None              ; 7.610 ns        ; LOAD5 ; EN0 ;
+-------+-------------------+-----------------+-------+-----+


+--------------------------+
; Timing Analyzer Messages ;
+--------------------------+
Info: *******************************************************************
Info: Running Quartus II Classic Timing Analyzer
    Info: Version 8.1 Build 163 10/28/2008 SJ Web Edition
    Info: Processing started: Tue May 22 20:39:52 2018
Info: Command: quartus_tan --read_settings_files=off --write_settings_files=off EN0 -c EN0 --timing_analysis_only
Info: Longest tpd from source pin "AND" to destination pin "EN0" is 13.068 ns
    Info: 1: + IC(0.000 ns) + CELL(0.893 ns) = 0.893 ns; Loc. = PIN_74; Fanout = 1; PIN Node = 'AND'
    Info: 2: + IC(6.065 ns) + CELL(0.278 ns) = 7.236 ns; Loc. = LCCOMB_X1_Y5_N6; Fanout = 1; COMB Node = 'inst12~354'
    Info: 3: + IC(0.316 ns) + CELL(0.545 ns) = 8.097 ns; Loc. = LCCOMB_X1_Y5_N16; Fanout = 1; COMB Node = 'inst12~355'
    Info: 4: + IC(0.300 ns) + CELL(0.319 ns) = 8.716 ns; Loc. = LCCOMB_X1_Y5_N0; Fanout = 1; COMB Node = 'inst13'
    Info: 5: + IC(1.462 ns) + CELL(2.890 ns) = 13.068 ns; Loc. = PIN_11; Fanout = 0; PIN Node = 'EN0'
    Info: Total cell delay = 4.925 ns ( 37.69 % )
    Info: Total interconnect delay = 8.143 ns ( 62.31 % )
Info: Quartus II Classic Timing Analyzer was successful. 0 errors, 0 warnings
    Info: Peak virtual memory: 176 megabytes
    Info: Processing ended: Tue May 22 20:39:52 2018
    Info: Elapsed time: 00:00:00
    Info: Total CPU time (on all processors): 00:00:00


