Classic Timing Analyzer report for RA
Tue May 22 20:38:13 2018
Quartus II Version 8.1 Build 163 10/28/2008 SJ Web Edition


---------------------
; Table of Contents ;
---------------------
  1. Legal Notice
  2. Timing Analyzer Summary
  3. Timing Analyzer Settings
  4. tpd
  5. Timing Analyzer Messages



----------------
; Legal Notice ;
----------------
Copyright (C) 1991-2008 Altera Corporation
Your use of Altera Corporation's design tools, logic functions 
and other software and tools, and its AMPP partner logic 
functions, and any output files from any of the foregoing 
(including device programming or simulation files), and any 
associated documentation or information are expressly subject 
to the terms and conditions of the Altera Program License 
Subscription Agreement, Altera MegaCore Function License 
Agreement, or other applicable license agreement, including, 
without limitation, that your use is for the sole purpose of 
programming logic devices manufactured by Altera and sold by 
Altera or its authorized distributors.  Please refer to the 
applicable agreement for further details.



+-----------------------------------------------------------------------------------------------------------------------+
; Timing Analyzer Summary                                                                                               ;
+------------------------------+-------+---------------+-------------+------+----+------------+----------+--------------+
; Type                         ; Slack ; Required Time ; Actual Time ; From ; To ; From Clock ; To Clock ; Failed Paths ;
+------------------------------+-------+---------------+-------------+------+----+------------+----------+--------------+
; Worst-case tpd               ; N/A   ; None          ; 12.406 ns   ; MUL  ; RA ; --         ; --       ; 0            ;
; Total number of failed paths ;       ;               ;             ;      ;    ;            ;          ; 0            ;
+------------------------------+-------+---------------+-------------+------+----+------------+----------+--------------+


+--------------------------------------------------------------------------------------------------------------------+
; Timing Analyzer Settings                                                                                           ;
+---------------------------------------------------------------------+--------------------+------+----+-------------+
; Option                                                              ; Setting            ; From ; To ; Entity Name ;
+---------------------------------------------------------------------+--------------------+------+----+-------------+
; Device Name                                                         ; EP2C8Q208C7        ;      ;    ;             ;
; Timing Models                                                       ; Final              ;      ;    ;             ;
; Default hold multicycle                                             ; Same as Multicycle ;      ;    ;             ;
; Cut paths between unrelated clock domains                           ; On                 ;      ;    ;             ;
; Cut off read during write signal paths                              ; On                 ;      ;    ;             ;
; Cut off feedback from I/O pins                                      ; On                 ;      ;    ;             ;
; Report Combined Fast/Slow Timing                                    ; Off                ;      ;    ;             ;
; Ignore Clock Settings                                               ; Off                ;      ;    ;             ;
; Analyze latches as synchronous elements                             ; On                 ;      ;    ;             ;
; Enable Recovery/Removal analysis                                    ; Off                ;      ;    ;             ;
; Enable Clock Latency                                                ; Off                ;      ;    ;             ;
; Use TimeQuest Timing Analyzer                                       ; Off                ;      ;    ;             ;
; Minimum Core Junction Temperature                                   ; 0                  ;      ;    ;             ;
; Maximum Core Junction Temperature                                   ; 85                 ;      ;    ;             ;
; Number of source nodes to report per destination node               ; 10                 ;      ;    ;             ;
; Number of destination nodes to report                               ; 10                 ;      ;    ;             ;
; Number of paths to report                                           ; 200                ;      ;    ;             ;
; Report Minimum Timing Checks                                        ; Off                ;      ;    ;             ;
; Use Fast Timing Models                                              ; Off                ;      ;    ;             ;
; Report IO Paths Separately                                          ; Off                ;      ;    ;             ;
; Perform Multicorner Analysis                                        ; On                 ;      ;    ;             ;
; Reports the worst-case path for each clock domain and analysis      ; Off                ;      ;    ;             ;
; Removes common clock path pessimism (CCPP) during slack computation ; Off                ;      ;    ;             ;
; Output I/O Timing Endpoint                                          ; Near End           ;      ;    ;             ;
+---------------------------------------------------------------------+--------------------+------+----+-------------+


+----------------------------------------------------------+
; tpd                                                      ;
+-------+-------------------+-----------------+-------+----+
; Slack ; Required P2P Time ; Actual P2P Time ; From  ; To ;
+-------+-------------------+-----------------+-------+----+
; N/A   ; None              ; 12.406 ns       ; MUL   ; RA ;
; N/A   ; None              ; 12.299 ns       ; STOR1 ; RA ;
; N/A   ; None              ; 12.182 ns       ; STOR4 ; RA ;
; N/A   ; None              ; 12.142 ns       ; STOR2 ; RA ;
; N/A   ; None              ; 12.030 ns       ; B0    ; RA ;
; N/A   ; None              ; 11.802 ns       ; LOAD1 ; RA ;
; N/A   ; None              ; 11.767 ns       ; OR    ; RA ;
; N/A   ; None              ; 11.748 ns       ; STOR0 ; RA ;
; N/A   ; None              ; 11.647 ns       ; ADD   ; RA ;
; N/A   ; None              ; 11.407 ns       ; T4    ; RA ;
; N/A   ; None              ; 11.379 ns       ; W2    ; RA ;
; N/A   ; None              ; 11.326 ns       ; T2    ; RA ;
; N/A   ; None              ; 11.272 ns       ; LOAD0 ; RA ;
; N/A   ; None              ; 11.080 ns       ; AND   ; RA ;
; N/A   ; None              ; 10.461 ns       ; T1    ; RA ;
; N/A   ; None              ; 7.485 ns        ; XOR   ; RA ;
; N/A   ; None              ; 7.408 ns        ; SUB   ; RA ;
; N/A   ; None              ; 7.187 ns        ; NOT   ; RA ;
; N/A   ; None              ; 7.006 ns        ; MOV0  ; RA ;
+-------+-------------------+-----------------+-------+----+


+--------------------------+
; Timing Analyzer Messages ;
+--------------------------+
Info: *******************************************************************
Info: Running Quartus II Classic Timing Analyzer
    Info: Version 8.1 Build 163 10/28/2008 SJ Web Edition
    Info: Processing started: Tue May 22 20:38:13 2018
Info: Command: quartus_tan --read_settings_files=off --write_settings_files=off RA -c RA --timing_analysis_only
Info: Longest tpd from source pin "MUL" to destination pin "RA" is 12.406 ns
    Info: 1: + IC(0.000 ns) + CELL(0.923 ns) = 0.923 ns; Loc. = PIN_69; Fanout = 1; PIN Node = 'MUL'
    Info: 2: + IC(6.062 ns) + CELL(0.278 ns) = 7.263 ns; Loc. = LCCOMB_X1_Y7_N8; Fanout = 1; COMB Node = 'inst~476'
    Info: 3: + IC(0.293 ns) + CELL(0.278 ns) = 7.834 ns; Loc. = LCCOMB_X1_Y7_N2; Fanout = 1; COMB Node = 'inst~477'
    Info: 4: + IC(0.292 ns) + CELL(0.521 ns) = 8.647 ns; Loc. = LCCOMB_X1_Y7_N20; Fanout = 1; COMB Node = 'inst~478'
    Info: 5: + IC(0.869 ns) + CELL(2.890 ns) = 12.406 ns; Loc. = PIN_40; Fanout = 0; PIN Node = 'RA'
    Info: Total cell delay = 4.890 ns ( 39.42 % )
    Info: Total interconnect delay = 7.516 ns ( 60.58 % )
Info: Quartus II Classic Timing Analyzer was successful. 0 errors, 0 warnings
    Info: Peak virtual memory: 176 megabytes
    Info: Processing ended: Tue May 22 20:38:13 2018
    Info: Elapsed time: 00:00:00
    Info: Total CPU time (on all processors): 00:00:00


