Classic Timing Analyzer report for S0
Tue May 22 20:44:36 2018
Quartus II Version 8.1 Build 163 10/28/2008 SJ Web Edition


---------------------
; Table of Contents ;
---------------------
  1. Legal Notice
  2. Timing Analyzer Summary
  3. Timing Analyzer Settings
  4. tpd
  5. Timing Analyzer Messages



----------------
; Legal Notice ;
----------------
Copyright (C) 1991-2008 Altera Corporation
Your use of Altera Corporation's design tools, logic functions 
and other software and tools, and its AMPP partner logic 
functions, and any output files from any of the foregoing 
(including device programming or simulation files), and any 
associated documentation or information are expressly subject 
to the terms and conditions of the Altera Program License 
Subscription Agreement, Altera MegaCore Function License 
Agreement, or other applicable license agreement, including, 
without limitation, that your use is for the sole purpose of 
programming logic devices manufactured by Altera and sold by 
Altera or its authorized distributors.  Please refer to the 
applicable agreement for further details.



+------------------------------------------------------------------------------------------------------------------------+
; Timing Analyzer Summary                                                                                                ;
+------------------------------+-------+---------------+-------------+-------+----+------------+----------+--------------+
; Type                         ; Slack ; Required Time ; Actual Time ; From  ; To ; From Clock ; To Clock ; Failed Paths ;
+------------------------------+-------+---------------+-------------+-------+----+------------+----------+--------------+
; Worst-case tpd               ; N/A   ; None          ; 13.154 ns   ; STOR1 ; S0 ; --         ; --       ; 0            ;
; Total number of failed paths ;       ;               ;             ;       ;    ;            ;          ; 0            ;
+------------------------------+-------+---------------+-------------+-------+----+------------+----------+--------------+


+--------------------------------------------------------------------------------------------------------------------+
; Timing Analyzer Settings                                                                                           ;
+---------------------------------------------------------------------+--------------------+------+----+-------------+
; Option                                                              ; Setting            ; From ; To ; Entity Name ;
+---------------------------------------------------------------------+--------------------+------+----+-------------+
; Device Name                                                         ; EP2C8Q208C7        ;      ;    ;             ;
; Timing Models                                                       ; Final              ;      ;    ;             ;
; Default hold multicycle                                             ; Same as Multicycle ;      ;    ;             ;
; Cut paths between unrelated clock domains                           ; On                 ;      ;    ;             ;
; Cut off read during write signal paths                              ; On                 ;      ;    ;             ;
; Cut off feedback from I/O pins                                      ; On                 ;      ;    ;             ;
; Report Combined Fast/Slow Timing                                    ; Off                ;      ;    ;             ;
; Ignore Clock Settings                                               ; Off                ;      ;    ;             ;
; Analyze latches as synchronous elements                             ; On                 ;      ;    ;             ;
; Enable Recovery/Removal analysis                                    ; Off                ;      ;    ;             ;
; Enable Clock Latency                                                ; Off                ;      ;    ;             ;
; Use TimeQuest Timing Analyzer                                       ; Off                ;      ;    ;             ;
; Minimum Core Junction Temperature                                   ; 0                  ;      ;    ;             ;
; Maximum Core Junction Temperature                                   ; 85                 ;      ;    ;             ;
; Number of source nodes to report per destination node               ; 10                 ;      ;    ;             ;
; Number of destination nodes to report                               ; 10                 ;      ;    ;             ;
; Number of paths to report                                           ; 200                ;      ;    ;             ;
; Report Minimum Timing Checks                                        ; Off                ;      ;    ;             ;
; Use Fast Timing Models                                              ; Off                ;      ;    ;             ;
; Report IO Paths Separately                                          ; Off                ;      ;    ;             ;
; Perform Multicorner Analysis                                        ; On                 ;      ;    ;             ;
; Reports the worst-case path for each clock domain and analysis      ; Off                ;      ;    ;             ;
; Removes common clock path pessimism (CCPP) during slack computation ; Off                ;      ;    ;             ;
; Output I/O Timing Endpoint                                          ; Near End           ;      ;    ;             ;
+---------------------------------------------------------------------+--------------------+------+----+-------------+


+----------------------------------------------------------+
; tpd                                                      ;
+-------+-------------------+-----------------+-------+----+
; Slack ; Required P2P Time ; Actual P2P Time ; From  ; To ;
+-------+-------------------+-----------------+-------+----+
; N/A   ; None              ; 13.154 ns       ; STOR1 ; S0 ;
; N/A   ; None              ; 13.012 ns       ; ADD   ; S0 ;
; N/A   ; None              ; 12.947 ns       ; STOR0 ; S0 ;
; N/A   ; None              ; 12.761 ns       ; MOV1  ; S0 ;
; N/A   ; None              ; 12.704 ns       ; LOAD6 ; S0 ;
; N/A   ; None              ; 12.556 ns       ; LOAD0 ; S0 ;
; N/A   ; None              ; 12.374 ns       ; LOAD4 ; S0 ;
; N/A   ; None              ; 12.201 ns       ; LOAD1 ; S0 ;
; N/A   ; None              ; 12.139 ns       ; STOR4 ; S0 ;
; N/A   ; None              ; 12.110 ns       ; LOAD7 ; S0 ;
; N/A   ; None              ; 12.089 ns       ; AND   ; S0 ;
; N/A   ; None              ; 12.081 ns       ; B0    ; S0 ;
; N/A   ; None              ; 11.832 ns       ; W2    ; S0 ;
; N/A   ; None              ; 11.605 ns       ; T1    ; S0 ;
; N/A   ; None              ; 11.454 ns       ; B1    ; S0 ;
; N/A   ; None              ; 11.274 ns       ; STOR2 ; S0 ;
; N/A   ; None              ; 11.265 ns       ; LOAD5 ; S0 ;
; N/A   ; None              ; 11.244 ns       ; T3    ; S0 ;
; N/A   ; None              ; 11.049 ns       ; T4    ; S0 ;
; N/A   ; None              ; 11.017 ns       ; W1    ; S0 ;
; N/A   ; None              ; 7.721 ns        ; STOR5 ; S0 ;
; N/A   ; None              ; 7.259 ns        ; LOAD3 ; S0 ;
; N/A   ; None              ; 7.256 ns        ; LOAD2 ; S0 ;
; N/A   ; None              ; 6.796 ns        ; T2    ; S0 ;
+-------+-------------------+-----------------+-------+----+


+--------------------------+
; Timing Analyzer Messages ;
+--------------------------+
Info: *******************************************************************
Info: Running Quartus II Classic Timing Analyzer
    Info: Version 8.1 Build 163 10/28/2008 SJ Web Edition
    Info: Processing started: Tue May 22 20:44:36 2018
Info: Command: quartus_tan --read_settings_files=off --write_settings_files=off S0 -c S0 --timing_analysis_only
Info: Longest tpd from source pin "STOR1" to destination pin "S0" is 13.154 ns
    Info: 1: + IC(0.000 ns) + CELL(0.903 ns) = 0.903 ns; Loc. = PIN_81; Fanout = 1; PIN Node = 'STOR1'
    Info: 2: + IC(6.184 ns) + CELL(0.278 ns) = 7.365 ns; Loc. = LCCOMB_X1_Y6_N20; Fanout = 1; COMB Node = 'inst7~100'
    Info: 3: + IC(0.300 ns) + CELL(0.322 ns) = 7.987 ns; Loc. = LCCOMB_X1_Y6_N22; Fanout = 1; COMB Node = 'inst~329'
    Info: 4: + IC(0.298 ns) + CELL(0.521 ns) = 8.806 ns; Loc. = LCCOMB_X1_Y6_N16; Fanout = 1; COMB Node = 'inst~330'
    Info: 5: + IC(0.305 ns) + CELL(0.278 ns) = 9.389 ns; Loc. = LCCOMB_X1_Y6_N6; Fanout = 1; COMB Node = 'inst~333'
    Info: 6: + IC(0.875 ns) + CELL(2.890 ns) = 13.154 ns; Loc. = PIN_31; Fanout = 0; PIN Node = 'S0'
    Info: Total cell delay = 5.192 ns ( 39.47 % )
    Info: Total interconnect delay = 7.962 ns ( 60.53 % )
Info: Quartus II Classic Timing Analyzer was successful. 0 errors, 0 warnings
    Info: Peak virtual memory: 176 megabytes
    Info: Processing ended: Tue May 22 20:44:36 2018
    Info: Elapsed time: 00:00:00
    Info: Total CPU time (on all processors): 00:00:00


