Classic Timing Analyzer report for RD
Wed May 23 20:09:35 2018
Quartus II Version 8.1 Build 163 10/28/2008 SJ Web Edition


---------------------
; Table of Contents ;
---------------------
  1. Legal Notice
  2. Timing Analyzer Summary
  3. Timing Analyzer Settings
  4. tpd
  5. Timing Analyzer Messages



----------------
; Legal Notice ;
----------------
Copyright (C) 1991-2008 Altera Corporation
Your use of Altera Corporation's design tools, logic functions 
and other software and tools, and its AMPP partner logic 
functions, and any output files from any of the foregoing 
(including device programming or simulation files), and any 
associated documentation or information are expressly subject 
to the terms and conditions of the Altera Program License 
Subscription Agreement, Altera MegaCore Function License 
Agreement, or other applicable license agreement, including, 
without limitation, that your use is for the sole purpose of 
programming logic devices manufactured by Altera and sold by 
Altera or its authorized distributors.  Please refer to the 
applicable agreement for further details.



+------------------------------------------------------------------------------------------------------------------------+
; Timing Analyzer Summary                                                                                                ;
+------------------------------+-------+---------------+-------------+-------+----+------------+----------+--------------+
; Type                         ; Slack ; Required Time ; Actual Time ; From  ; To ; From Clock ; To Clock ; Failed Paths ;
+------------------------------+-------+---------------+-------------+-------+----+------------+----------+--------------+
; Worst-case tpd               ; N/A   ; None          ; 14.919 ns   ; LOAD0 ; RD ; --         ; --       ; 0            ;
; Total number of failed paths ;       ;               ;             ;       ;    ;            ;          ; 0            ;
+------------------------------+-------+---------------+-------------+-------+----+------------+----------+--------------+


+--------------------------------------------------------------------------------------------------------------------+
; Timing Analyzer Settings                                                                                           ;
+---------------------------------------------------------------------+--------------------+------+----+-------------+
; Option                                                              ; Setting            ; From ; To ; Entity Name ;
+---------------------------------------------------------------------+--------------------+------+----+-------------+
; Device Name                                                         ; EP2C8Q208C7        ;      ;    ;             ;
; Timing Models                                                       ; Final              ;      ;    ;             ;
; Default hold multicycle                                             ; Same as Multicycle ;      ;    ;             ;
; Cut paths between unrelated clock domains                           ; On                 ;      ;    ;             ;
; Cut off read during write signal paths                              ; On                 ;      ;    ;             ;
; Cut off feedback from I/O pins                                      ; On                 ;      ;    ;             ;
; Report Combined Fast/Slow Timing                                    ; Off                ;      ;    ;             ;
; Ignore Clock Settings                                               ; Off                ;      ;    ;             ;
; Analyze latches as synchronous elements                             ; On                 ;      ;    ;             ;
; Enable Recovery/Removal analysis                                    ; Off                ;      ;    ;             ;
; Enable Clock Latency                                                ; Off                ;      ;    ;             ;
; Use TimeQuest Timing Analyzer                                       ; Off                ;      ;    ;             ;
; Minimum Core Junction Temperature                                   ; 0                  ;      ;    ;             ;
; Maximum Core Junction Temperature                                   ; 85                 ;      ;    ;             ;
; Number of source nodes to report per destination node               ; 10                 ;      ;    ;             ;
; Number of destination nodes to report                               ; 10                 ;      ;    ;             ;
; Number of paths to report                                           ; 200                ;      ;    ;             ;
; Report Minimum Timing Checks                                        ; Off                ;      ;    ;             ;
; Use Fast Timing Models                                              ; Off                ;      ;    ;             ;
; Report IO Paths Separately                                          ; Off                ;      ;    ;             ;
; Perform Multicorner Analysis                                        ; On                 ;      ;    ;             ;
; Reports the worst-case path for each clock domain and analysis      ; Off                ;      ;    ;             ;
; Removes common clock path pessimism (CCPP) during slack computation ; Off                ;      ;    ;             ;
; Output I/O Timing Endpoint                                          ; Near End           ;      ;    ;             ;
+---------------------------------------------------------------------+--------------------+------+----+-------------+


+----------------------------------------------------------+
; tpd                                                      ;
+-------+-------------------+-----------------+-------+----+
; Slack ; Required P2P Time ; Actual P2P Time ; From  ; To ;
+-------+-------------------+-----------------+-------+----+
; N/A   ; None              ; 14.919 ns       ; LOAD0 ; RD ;
; N/A   ; None              ; 14.643 ns       ; LOAD2 ; RD ;
; N/A   ; None              ; 14.432 ns       ; LOAD1 ; RD ;
; N/A   ; None              ; 14.317 ns       ; LOAD3 ; RD ;
; N/A   ; None              ; 14.165 ns       ; LOAD5 ; RD ;
; N/A   ; None              ; 14.095 ns       ; STOR4 ; RD ;
; N/A   ; None              ; 14.092 ns       ; LOAD7 ; RD ;
; N/A   ; None              ; 14.058 ns       ; LOAD6 ; RD ;
; N/A   ; None              ; 13.987 ns       ; W2    ; RD ;
; N/A   ; None              ; 13.965 ns       ; T3    ; RD ;
; N/A   ; None              ; 13.789 ns       ; T2    ; RD ;
; N/A   ; None              ; 13.712 ns       ; W1    ; RD ;
; N/A   ; None              ; 13.532 ns       ; STOR5 ; RD ;
; N/A   ; None              ; 13.481 ns       ; T4    ; RD ;
; N/A   ; None              ; 13.353 ns       ; LOAD4 ; RD ;
; N/A   ; None              ; 9.754 ns        ; B1    ; RD ;
+-------+-------------------+-----------------+-------+----+


+--------------------------+
; Timing Analyzer Messages ;
+--------------------------+
Info: *******************************************************************
Info: Running Quartus II Classic Timing Analyzer
    Info: Version 8.1 Build 163 10/28/2008 SJ Web Edition
    Info: Processing started: Wed May 23 20:09:35 2018
Info: Command: quartus_tan --read_settings_files=off --write_settings_files=off RD -c RD --timing_analysis_only
Info: Longest tpd from source pin "LOAD0" to destination pin "RD" is 14.919 ns
    Info: 1: + IC(0.000 ns) + CELL(0.903 ns) = 0.903 ns; Loc. = PIN_81; Fanout = 1; PIN Node = 'LOAD0'
    Info: 2: + IC(5.926 ns) + CELL(0.545 ns) = 7.374 ns; Loc. = LCCOMB_X16_Y1_N18; Fanout = 1; COMB Node = 'inst1~562'
    Info: 3: + IC(0.296 ns) + CELL(0.521 ns) = 8.191 ns; Loc. = LCCOMB_X16_Y1_N12; Fanout = 1; COMB Node = 'inst1~563'
    Info: 4: + IC(0.313 ns) + CELL(0.545 ns) = 9.049 ns; Loc. = LCCOMB_X16_Y1_N28; Fanout = 1; COMB Node = 'inst1~567'
    Info: 5: + IC(2.980 ns) + CELL(2.890 ns) = 14.919 ns; Loc. = PIN_142; Fanout = 0; PIN Node = 'RD'
    Info: Total cell delay = 5.404 ns ( 36.22 % )
    Info: Total interconnect delay = 9.515 ns ( 63.78 % )
Info: Quartus II Classic Timing Analyzer was successful. 0 errors, 0 warnings
    Info: Peak virtual memory: 176 megabytes
    Info: Processing ended: Wed May 23 20:09:35 2018
    Info: Elapsed time: 00:00:00
    Info: Total CPU time (on all processors): 00:00:00


