Classic Timing Analyzer report for CPR1
Tue May 22 15:03:28 2018
Quartus II Version 8.1 Build 163 10/28/2008 SJ Web Edition


---------------------
; Table of Contents ;
---------------------
  1. Legal Notice
  2. Timing Analyzer Summary
  3. Timing Analyzer Settings
  4. tpd
  5. Timing Analyzer Messages



----------------
; Legal Notice ;
----------------
Copyright (C) 1991-2008 Altera Corporation
Your use of Altera Corporation's design tools, logic functions 
and other software and tools, and its AMPP partner logic 
functions, and any output files from any of the foregoing 
(including device programming or simulation files), and any 
associated documentation or information are expressly subject 
to the terms and conditions of the Altera Program License 
Subscription Agreement, Altera MegaCore Function License 
Agreement, or other applicable license agreement, including, 
without limitation, that your use is for the sole purpose of 
programming logic devices manufactured by Altera and sold by 
Altera or its authorized distributors.  Please refer to the 
applicable agreement for further details.



+-------------------------------------------------------------------------------------------------------------------------+
; Timing Analyzer Summary                                                                                                 ;
+------------------------------+-------+---------------+-------------+------+------+------------+----------+--------------+
; Type                         ; Slack ; Required Time ; Actual Time ; From ; To   ; From Clock ; To Clock ; Failed Paths ;
+------------------------------+-------+---------------+-------------+------+------+------------+----------+--------------+
; Worst-case tpd               ; N/A   ; None          ; 14.291 ns   ; T1   ; CPR1 ; --         ; --       ; 0            ;
; Total number of failed paths ;       ;               ;             ;      ;      ;            ;          ; 0            ;
+------------------------------+-------+---------------+-------------+------+------+------------+----------+--------------+


+--------------------------------------------------------------------------------------------------------------------+
; Timing Analyzer Settings                                                                                           ;
+---------------------------------------------------------------------+--------------------+------+----+-------------+
; Option                                                              ; Setting            ; From ; To ; Entity Name ;
+---------------------------------------------------------------------+--------------------+------+----+-------------+
; Device Name                                                         ; EP2C8Q208C7        ;      ;    ;             ;
; Timing Models                                                       ; Final              ;      ;    ;             ;
; Default hold multicycle                                             ; Same as Multicycle ;      ;    ;             ;
; Cut paths between unrelated clock domains                           ; On                 ;      ;    ;             ;
; Cut off read during write signal paths                              ; On                 ;      ;    ;             ;
; Cut off feedback from I/O pins                                      ; On                 ;      ;    ;             ;
; Report Combined Fast/Slow Timing                                    ; Off                ;      ;    ;             ;
; Ignore Clock Settings                                               ; Off                ;      ;    ;             ;
; Analyze latches as synchronous elements                             ; On                 ;      ;    ;             ;
; Enable Recovery/Removal analysis                                    ; Off                ;      ;    ;             ;
; Enable Clock Latency                                                ; Off                ;      ;    ;             ;
; Use TimeQuest Timing Analyzer                                       ; Off                ;      ;    ;             ;
; Minimum Core Junction Temperature                                   ; 0                  ;      ;    ;             ;
; Maximum Core Junction Temperature                                   ; 85                 ;      ;    ;             ;
; Number of source nodes to report per destination node               ; 10                 ;      ;    ;             ;
; Number of destination nodes to report                               ; 10                 ;      ;    ;             ;
; Number of paths to report                                           ; 200                ;      ;    ;             ;
; Report Minimum Timing Checks                                        ; Off                ;      ;    ;             ;
; Use Fast Timing Models                                              ; Off                ;      ;    ;             ;
; Report IO Paths Separately                                          ; Off                ;      ;    ;             ;
; Perform Multicorner Analysis                                        ; On                 ;      ;    ;             ;
; Reports the worst-case path for each clock domain and analysis      ; Off                ;      ;    ;             ;
; Removes common clock path pessimism (CCPP) during slack computation ; Off                ;      ;    ;             ;
; Output I/O Timing Endpoint                                          ; Near End           ;      ;    ;             ;
+---------------------------------------------------------------------+--------------------+------+----+-------------+


+------------------------------------------------------------+
; tpd                                                        ;
+-------+-------------------+-----------------+-------+------+
; Slack ; Required P2P Time ; Actual P2P Time ; From  ; To   ;
+-------+-------------------+-----------------+-------+------+
; N/A   ; None              ; 14.291 ns       ; T1    ; CPR1 ;
; N/A   ; None              ; 13.715 ns       ; LOAD7 ; CPR1 ;
; N/A   ; None              ; 13.146 ns       ; MOV0  ; CPR1 ;
; N/A   ; None              ; 12.986 ns       ; T4    ; CPR1 ;
; N/A   ; None              ; 12.810 ns       ; T3    ; CPR1 ;
; N/A   ; None              ; 12.765 ns       ; LOAD5 ; CPR1 ;
; N/A   ; None              ; 12.135 ns       ; T2    ; CPR1 ;
; N/A   ; None              ; 11.918 ns       ; P     ; CPR1 ;
; N/A   ; None              ; 11.711 ns       ; W2    ; CPR1 ;
; N/A   ; None              ; 7.821 ns        ; LOAD3 ; CPR1 ;
; N/A   ; None              ; 7.345 ns        ; LOAD1 ; CPR1 ;
+-------+-------------------+-----------------+-------+------+


+--------------------------+
; Timing Analyzer Messages ;
+--------------------------+
Info: *******************************************************************
Info: Running Quartus II Classic Timing Analyzer
    Info: Version 8.1 Build 163 10/28/2008 SJ Web Edition
    Info: Processing started: Tue May 22 15:03:28 2018
Info: Command: quartus_tan --read_settings_files=off --write_settings_files=off CPR1 -c CPR1 --timing_analysis_only
Info: Longest tpd from source pin "T1" to destination pin "CPR1" is 14.291 ns
    Info: 1: + IC(0.000 ns) + CELL(0.924 ns) = 0.924 ns; Loc. = PIN_115; Fanout = 1; PIN Node = 'T1'
    Info: 2: + IC(6.483 ns) + CELL(0.322 ns) = 7.729 ns; Loc. = LCCOMB_X1_Y9_N2; Fanout = 1; COMB Node = 'inst4~71'
    Info: 3: + IC(0.291 ns) + CELL(0.521 ns) = 8.541 ns; Loc. = LCCOMB_X1_Y9_N28; Fanout = 1; COMB Node = 'inst4~72'
    Info: 4: + IC(0.286 ns) + CELL(0.178 ns) = 9.005 ns; Loc. = LCCOMB_X1_Y9_N6; Fanout = 1; COMB Node = 'inst4~73'
    Info: 5: + IC(2.230 ns) + CELL(3.056 ns) = 14.291 ns; Loc. = PIN_193; Fanout = 0; PIN Node = 'CPR1'
    Info: Total cell delay = 5.001 ns ( 34.99 % )
    Info: Total interconnect delay = 9.290 ns ( 65.01 % )
Info: Quartus II Classic Timing Analyzer was successful. 0 errors, 0 warnings
    Info: Peak virtual memory: 176 megabytes
    Info: Processing ended: Tue May 22 15:03:28 2018
    Info: Elapsed time: 00:00:00
    Info: Total CPU time (on all processors): 00:00:00


