Analysis & Synthesis report for hardwiring
Mon May 28 14:54:09 2018
Quartus II Version 8.1 Build 163 10/28/2008 SJ Web Edition


---------------------
; Table of Contents ;
---------------------
  1. Legal Notice
  2. Analysis & Synthesis Summary
  3. Analysis & Synthesis Settings
  4. Analysis & Synthesis Source Files Read
  5. Analysis & Synthesis Resource Usage Summary
  6. Analysis & Synthesis Resource Utilization by Entity
  7. Registers Removed During Synthesis
  8. Removed Registers Triggering Further Register Optimizations
  9. General Register Statistics
 10. Analysis & Synthesis Messages



----------------
; Legal Notice ;
----------------
Copyright (C) 1991-2008 Altera Corporation
Your use of Altera Corporation's design tools, logic functions 
and other software and tools, and its AMPP partner logic 
functions, and any output files from any of the foregoing 
(including device programming or simulation files), and any 
associated documentation or information are expressly subject 
to the terms and conditions of the Altera Program License 
Subscription Agreement, Altera MegaCore Function License 
Agreement, or other applicable license agreement, including, 
without limitation, that your use is for the sole purpose of 
programming logic devices manufactured by Altera and sold by 
Altera or its authorized distributors.  Please refer to the 
applicable agreement for further details.



+------------------------------------------------------------------------------+
; Analysis & Synthesis Summary                                                 ;
+------------------------------------+-----------------------------------------+
; Analysis & Synthesis Status        ; Successful - Mon May 28 14:54:09 2018   ;
; Quartus II Version                 ; 8.1 Build 163 10/28/2008 SJ Web Edition ;
; Revision Name                      ; hardwiring                              ;
; Top-level Entity Name              ; hardwiring                              ;
; Family                             ; Cyclone II                              ;
; Total logic elements               ; 230                                     ;
;     Total combinational functions  ; 230                                     ;
;     Dedicated logic registers      ; 42                                      ;
; Total registers                    ; 42                                      ;
; Total pins                         ; 69                                      ;
; Total virtual pins                 ; 0                                       ;
; Total memory bits                  ; 0                                       ;
; Embedded Multiplier 9-bit elements ; 0                                       ;
; Total PLLs                         ; 0                                       ;
+------------------------------------+-----------------------------------------+


+----------------------------------------------------------------------------------------------------------+
; Analysis & Synthesis Settings                                                                            ;
+----------------------------------------------------------------+--------------------+--------------------+
; Option                                                         ; Setting            ; Default Value      ;
+----------------------------------------------------------------+--------------------+--------------------+
; Device                                                         ; EP2C8Q208C7        ;                    ;
; Top-level entity name                                          ; hardwiring         ; hardwiring         ;
; Family name                                                    ; Cyclone II         ; Stratix II         ;
; Use Generated Physical Constraints File                        ; Off                ;                    ;
; Use smart compilation                                          ; Off                ; Off                ;
; Restructure Multiplexers                                       ; Auto               ; Auto               ;
; Create Debugging Nodes for IP Cores                            ; Off                ; Off                ;
; Preserve fewer node names                                      ; On                 ; On                 ;
; Disable OpenCore Plus hardware evaluation                      ; Off                ; Off                ;
; Verilog Version                                                ; Verilog_2001       ; Verilog_2001       ;
; VHDL Version                                                   ; VHDL93             ; VHDL93             ;
; State Machine Processing                                       ; Auto               ; Auto               ;
; Safe State Machine                                             ; Off                ; Off                ;
; Extract Verilog State Machines                                 ; On                 ; On                 ;
; Extract VHDL State Machines                                    ; On                 ; On                 ;
; Ignore Verilog initial constructs                              ; Off                ; Off                ;
; Iteration limit for constant Verilog loops                     ; 5000               ; 5000               ;
; Iteration limit for non-constant Verilog loops                 ; 250                ; 250                ;
; Add Pass-Through Logic to Inferred RAMs                        ; On                 ; On                 ;
; Parallel Synthesis                                             ; Off                ; Off                ;
; DSP Block Balancing                                            ; Auto               ; Auto               ;
; NOT Gate Push-Back                                             ; On                 ; On                 ;
; Power-Up Don't Care                                            ; On                 ; On                 ;
; Remove Redundant Logic Cells                                   ; Off                ; Off                ;
; Remove Duplicate Registers                                     ; On                 ; On                 ;
; Ignore CARRY Buffers                                           ; Off                ; Off                ;
; Ignore CASCADE Buffers                                         ; Off                ; Off                ;
; Ignore GLOBAL Buffers                                          ; Off                ; Off                ;
; Ignore ROW GLOBAL Buffers                                      ; Off                ; Off                ;
; Ignore LCELL Buffers                                           ; Off                ; Off                ;
; Ignore SOFT Buffers                                            ; On                 ; On                 ;
; Limit AHDL Integers to 32 Bits                                 ; Off                ; Off                ;
; Optimization Technique                                         ; Balanced           ; Balanced           ;
; Carry Chain Length                                             ; 70                 ; 70                 ;
; Auto Carry Chains                                              ; On                 ; On                 ;
; Auto Open-Drain Pins                                           ; On                 ; On                 ;
; Perform WYSIWYG Primitive Resynthesis                          ; Off                ; Off                ;
; Perform gate-level register retiming                           ; Off                ; Off                ;
; Allow register retiming to trade off Tsu/Tco with Fmax         ; On                 ; On                 ;
; Auto ROM Replacement                                           ; On                 ; On                 ;
; Auto RAM Replacement                                           ; On                 ; On                 ;
; Auto Shift Register Replacement                                ; Auto               ; Auto               ;
; Auto Clock Enable Replacement                                  ; On                 ; On                 ;
; Strict RAM Replacement                                         ; Off                ; Off                ;
; Allow Synchronous Control Signals                              ; On                 ; On                 ;
; Force Use of Synchronous Clear Signals                         ; Off                ; Off                ;
; Auto RAM to Logic Cell Conversion                              ; Off                ; Off                ;
; Auto Resource Sharing                                          ; Off                ; Off                ;
; Allow Any RAM Size For Recognition                             ; Off                ; Off                ;
; Allow Any ROM Size For Recognition                             ; Off                ; Off                ;
; Allow Any Shift Register Size For Recognition                  ; Off                ; Off                ;
; Use LogicLock Constraints during Resource Balancing            ; On                 ; On                 ;
; Ignore translate_off and synthesis_off directives              ; Off                ; Off                ;
; Show Parameter Settings Tables in Synthesis Report             ; On                 ; On                 ;
; Ignore Maximum Fan-Out Assignments                             ; Off                ; Off                ;
; Synchronization Register Chain Length                          ; 2                  ; 2                  ;
; PowerPlay Power Optimization                                   ; Normal compilation ; Normal compilation ;
; HDL message level                                              ; Level2             ; Level2             ;
; Suppress Register Optimization Related Messages                ; Off                ; Off                ;
; Number of Removed Registers Reported in Synthesis Report       ; 100                ; 100                ;
; Number of Inverted Registers Reported in Synthesis Report      ; 100                ; 100                ;
; Clock MUX Protection                                           ; On                 ; On                 ;
; Auto Gated Clock Conversion                                    ; Off                ; Off                ;
; Block Design Naming                                            ; Auto               ; Auto               ;
; SDC constraint protection                                      ; Off                ; Off                ;
; Synthesis Effort                                               ; Auto               ; Auto               ;
; Allows Asynchronous Clear Usage For Shift Register Replacement ; On                 ; On                 ;
; Analysis & Synthesis Message Level                             ; Medium             ; Medium             ;
+----------------------------------------------------------------+--------------------+--------------------+


+----------------------------------------------------------------------------------------------------------------------------------------------------------+
; Analysis & Synthesis Source Files Read                                                                                                                   ;
+----------------------------------+-----------------+------------------------------------------+----------------------------------------------------------+
; File Name with User-Entered Path ; Used in Netlist ; File Type                                ; File Name with Absolute Path                             ;
+----------------------------------+-----------------+------------------------------------------+----------------------------------------------------------+
; hardwiring.bdf                   ; yes             ; User Block Diagram/Schematic File        ; D:/Monday/Project/HardWiring/hardwiring.bdf              ;
; 74273.bdf                        ; yes             ; Megafunction                             ; c:/altera/81/quartus/libraries/others/maxplus2/74273.bdf ;
; ALU.bdf                          ; yes             ; Auto-Found Block Diagram/Schematic File  ; D:/Monday/Project/HardWiring/alu/mul/ALU.bdf             ;
; 3C1.bdf                          ; yes             ; Auto-Found Block Diagram/Schematic File  ; D:/Monday/Project/HardWiring/alu/3c1/3C1.bdf             ;
; 8b_add.bdf                       ; yes             ; Auto-Found Block Diagram/Schematic File  ; D:/Monday/Project/HardWiring/alu/8b-add/8b_add.bdf       ;
; 74181.bdf                        ; yes             ; Megafunction                             ; c:/altera/81/quartus/libraries/others/maxplus2/74181.bdf ;
; MUL.bdf                          ; yes             ; Auto-Found Block Diagram/Schematic File  ; D:/Monday/Project/HardWiring/alu/mul/MUL.bdf             ;
; 74285.bdf                        ; yes             ; Megafunction                             ; c:/altera/81/quartus/libraries/others/maxplus2/74285.bdf ;
; 74284.bdf                        ; yes             ; Megafunction                             ; c:/altera/81/quartus/libraries/others/maxplus2/74284.bdf ;
; mov.bdf                          ; yes             ; Auto-Found Block Diagram/Schematic File  ; D:/Monday/Project/HardWiring/alu/mov/mov.bdf             ;
; 74198.bdf                        ; yes             ; Megafunction                             ; c:/altera/81/quartus/libraries/others/maxplus2/74198.bdf ;
; Controller.bdf                   ; yes             ; Auto-Found Block Diagram/Schematic File  ; D:/Monday/Project/HardWiring/controller/Controller.bdf   ;
; MA.bdf                           ; yes             ; Auto-Found Block Diagram/Schematic File  ; D:/Monday/Project/HardWiring/controller/ma/MA.bdf        ;
; RA.bdf                           ; yes             ; Auto-Found Block Diagram/Schematic File  ; D:/Monday/Project/HardWiring/controller/ra/RA.bdf        ;
; PB.bdf                           ; yes             ; Auto-Found Block Diagram/Schematic File  ; D:/Monday/Project/HardWiring/controller/pb/PB.bdf        ;
; RB.bdf                           ; yes             ; Auto-Found Block Diagram/Schematic File  ; D:/Monday/Project/HardWiring/controller/rb/RB.bdf        ;
; EN0.bdf                          ; yes             ; Auto-Found Block Diagram/Schematic File  ; D:/Monday/Project/HardWiring/controller/en0/EN0.bdf      ;
; EN1.bdf                          ; yes             ; Auto-Found Block Diagram/Schematic File  ; D:/Monday/Project/HardWiring/controller/en1/EN1.bdf      ;
; CPR0.bdf                         ; yes             ; Auto-Found Block Diagram/Schematic File  ; D:/Monday/Project/HardWiring/controller/cpr0/CPR0.bdf    ;
; CPR1.bdf                         ; yes             ; Auto-Found Block Diagram/Schematic File  ; D:/Monday/Project/HardWiring/controller/cpr1/CPR1.bdf    ;
; CPPC.bdf                         ; yes             ; Auto-Found Block Diagram/Schematic File  ; D:/Monday/Project/HardWiring/controller/cppc/CPPC.bdf    ;
; CPIR.bdf                         ; yes             ; Auto-Found Block Diagram/Schematic File  ; D:/Monday/Project/HardWiring/controller/cpir/CPIR.bdf    ;
; RD.bdf                           ; yes             ; Auto-Found Block Diagram/Schematic File  ; D:/Monday/Project/HardWiring/controller/rd/RD.bdf        ;
; C.bdf                            ; yes             ; Auto-Found Block Diagram/Schematic File  ; D:/Monday/Project/HardWiring/controller/c/C.bdf          ;
; G.bdf                            ; yes             ; Auto-Found Block Diagram/Schematic File  ; D:/Monday/Project/HardWiring/controller/g/G.bdf          ;
; M.bdf                            ; yes             ; Auto-Found Block Diagram/Schematic File  ; D:/Monday/Project/HardWiring/controller/m/M.bdf          ;
; S3.bdf                           ; yes             ; Auto-Found Block Diagram/Schematic File  ; D:/Monday/Project/HardWiring/controller/s3/S3.bdf        ;
; S2.bdf                           ; yes             ; Auto-Found Block Diagram/Schematic File  ; D:/Monday/Project/HardWiring/controller/s2/S2.bdf        ;
; S1.bdf                           ; yes             ; Auto-Found Block Diagram/Schematic File  ; D:/Monday/Project/HardWiring/controller/s1/S1.bdf        ;
; S0.bdf                           ; yes             ; Auto-Found Block Diagram/Schematic File  ; D:/Monday/Project/HardWiring/controller/s0/S0.bdf        ;
; CN.bdf                           ; yes             ; Auto-Found Block Diagram/Schematic File  ; D:/Monday/Project/HardWiring/controller/cn/CN.bdf        ;
; WR.bdf                           ; yes             ; Auto-Found Block Diagram/Schematic File  ; D:/Monday/Project/HardWiring/controller/wr/WR.bdf        ;
; CPMAR.bdf                        ; yes             ; Auto-Found Block Diagram/Schematic File  ; D:/Monday/Project/HardWiring/controller/cpmar/CPMAR.bdf  ;
; beat.bdf                         ; yes             ; Auto-Found Block Diagram/Schematic File  ; D:/Monday/Project/HardWiring/beat/beat.bdf               ;
; 2-4.bdf                          ; yes             ; Auto-Found Block Diagram/Schematic File  ; D:/Monday/Project/HardWiring/beat/2-4.bdf                ;
; 4-1counter.bdf                   ; yes             ; Auto-Found Block Diagram/Schematic File  ; D:/Monday/Project/HardWiring/beat/4-1counter.bdf         ;
; lxmc.bdf                         ; yes             ; Auto-Found Block Diagram/Schematic File  ; D:/Monday/Project/HardWiring/beat/lxmc.bdf               ;
; op.bdf                           ; yes             ; Auto-Found Block Diagram/Schematic File  ; D:/Monday/Project/HardWiring/op/op.bdf                   ;
; 2C1.bdf                          ; yes             ; Auto-Found Block Diagram/Schematic File  ; D:/Monday/Project/HardWiring/2c1/2C1.bdf                 ;
; tri-8.bdf                        ; yes             ; Auto-Found Block Diagram/Schematic File  ; D:/Monday/Project/HardWiring/tri/tri-8.bdf               ;
+----------------------------------+-----------------+------------------------------------------+----------------------------------------------------------+


+-----------------------------------------------------+
; Analysis & Synthesis Resource Usage Summary         ;
+---------------------------------------------+-------+
; Resource                                    ; Usage ;
+---------------------------------------------+-------+
; Estimated Total logic elements              ; 230   ;
;                                             ;       ;
; Total combinational functions               ; 230   ;
; Logic element usage by number of LUT inputs ;       ;
;     -- 4 input functions                    ; 173   ;
;     -- 3 input functions                    ; 30    ;
;     -- <=2 input functions                  ; 27    ;
;                                             ;       ;
; Logic elements by mode                      ;       ;
;     -- normal mode                          ; 230   ;
;     -- arithmetic mode                      ; 0     ;
;                                             ;       ;
; Total registers                             ; 42    ;
;     -- Dedicated logic registers            ; 42    ;
;     -- I/O registers                        ; 0     ;
;                                             ;       ;
; I/O pins                                    ; 69    ;
; Maximum fan-out node                        ; K0    ;
; Maximum fan-out                             ; 38    ;
; Total fan-out                               ; 1018  ;
; Average fan-out                             ; 2.99  ;
+---------------------------------------------+-------+


+----------------------------------------------------------------------------------------------------------------------------------------------------------------------------------------------------------+
; Analysis & Synthesis Resource Utilization by Entity                                                                                                                                                      ;
+----------------------------+-------------------+--------------+-------------+--------------+---------+-----------+------+--------------+--------------------------------------------------+--------------+
; Compilation Hierarchy Node ; LC Combinationals ; LC Registers ; Memory Bits ; DSP Elements ; DSP 9x9 ; DSP 18x18 ; Pins ; Virtual Pins ; Full Hierarchy Name                              ; Library Name ;
+----------------------------+-------------------+--------------+-------------+--------------+---------+-----------+------+--------------+--------------------------------------------------+--------------+
; |hardwiring                ; 230 (0)           ; 42 (0)       ; 0           ; 0            ; 0       ; 0         ; 69   ; 0            ; |hardwiring                                      ; work         ;
;    |2C1:B|                 ; 8 (8)             ; 0 (0)        ; 0           ; 0            ; 0       ; 0         ; 0    ; 0            ; |hardwiring|2C1:B                                ; work         ;
;    |2C1:inst6|             ; 4 (4)             ; 0 (0)        ; 0           ; 0            ; 0       ; 0         ; 0    ; 0            ; |hardwiring|2C1:inst6                            ; work         ;
;    |74273:IR|              ; 0 (0)             ; 6 (6)        ; 0           ; 0            ; 0       ; 0         ; 0    ; 0            ; |hardwiring|74273:IR                             ; work         ;
;    |74273:MAR|             ; 0 (0)             ; 8 (8)        ; 0           ; 0            ; 0       ; 0         ; 0    ; 0            ; |hardwiring|74273:MAR                            ; work         ;
;    |74273:PC|              ; 0 (0)             ; 8 (8)        ; 0           ; 0            ; 0       ; 0         ; 0    ; 0            ; |hardwiring|74273:PC                             ; work         ;
;    |74273:R0|              ; 0 (0)             ; 8 (8)        ; 0           ; 0            ; 0       ; 0         ; 0    ; 0            ; |hardwiring|74273:R0                             ; work         ;
;    |74273:R1|              ; 0 (0)             ; 8 (8)        ; 0           ; 0            ; 0       ; 0         ; 0    ; 0            ; |hardwiring|74273:R1                             ; work         ;
;    |ALU:inst10|            ; 100 (0)           ; 0 (0)        ; 0           ; 0            ; 0       ; 0         ; 0    ; 0            ; |hardwiring|ALU:inst10                           ; work         ;
;       |3C1:inst14|         ; 24 (24)           ; 0 (0)        ; 0           ; 0            ; 0       ; 0         ; 0    ; 0            ; |hardwiring|ALU:inst10|3C1:inst14                ; work         ;
;       |8b_add:inst11|      ; 37 (0)            ; 0 (0)        ; 0           ; 0            ; 0       ; 0         ; 0    ; 0            ; |hardwiring|ALU:inst10|8b_add:inst11             ; work         ;
;          |74181:inst1|     ; 18 (18)           ; 0 (0)        ; 0           ; 0            ; 0       ; 0         ; 0    ; 0            ; |hardwiring|ALU:inst10|8b_add:inst11|74181:inst1 ; work         ;
;          |74181:inst|      ; 19 (19)           ; 0 (0)        ; 0           ; 0            ; 0       ; 0         ; 0    ; 0            ; |hardwiring|ALU:inst10|8b_add:inst11|74181:inst  ; work         ;
;       |MUL:inst12|         ; 39 (0)            ; 0 (0)        ; 0           ; 0            ; 0       ; 0         ; 0    ; 0            ; |hardwiring|ALU:inst10|MUL:inst12                ; work         ;
;          |74284:inst|      ; 31 (31)           ; 0 (0)        ; 0           ; 0            ; 0       ; 0         ; 0    ; 0            ; |hardwiring|ALU:inst10|MUL:inst12|74284:inst     ; work         ;
;          |74285:inst1|     ; 8 (8)             ; 0 (0)        ; 0           ; 0            ; 0       ; 0         ; 0    ; 0            ; |hardwiring|ALU:inst10|MUL:inst12|74285:inst1    ; work         ;
;    |Controller:inst12|     ; 84 (0)            ; 0 (0)        ; 0           ; 0            ; 0       ; 0         ; 0    ; 0            ; |hardwiring|Controller:inst12                    ; work         ;
;       |CN:inst20|          ; 2 (2)             ; 0 (0)        ; 0           ; 0            ; 0       ; 0         ; 0    ; 0            ; |hardwiring|Controller:inst12|CN:inst20          ; work         ;
;       |CPIR:inst2|         ; 1 (1)             ; 0 (0)        ; 0           ; 0            ; 0       ; 0         ; 0    ; 0            ; |hardwiring|Controller:inst12|CPIR:inst2         ; work         ;
;       |CPMAR:inst19|       ; 3 (3)             ; 0 (0)        ; 0           ; 0            ; 0       ; 0         ; 0    ; 0            ; |hardwiring|Controller:inst12|CPMAR:inst19       ; work         ;
;       |CPPC:inst3|         ; 3 (3)             ; 0 (0)        ; 0           ; 0            ; 0       ; 0         ; 0    ; 0            ; |hardwiring|Controller:inst12|CPPC:inst3         ; work         ;
;       |CPR0:inst18|        ; 5 (5)             ; 0 (0)        ; 0           ; 0            ; 0       ; 0         ; 0    ; 0            ; |hardwiring|Controller:inst12|CPR0:inst18        ; work         ;
;       |CPR1:inst22|        ; 5 (5)             ; 0 (0)        ; 0           ; 0            ; 0       ; 0         ; 0    ; 0            ; |hardwiring|Controller:inst12|CPR1:inst22        ; work         ;
;       |EN0:inst10|         ; 8 (8)             ; 0 (0)        ; 0           ; 0            ; 0       ; 0         ; 0    ; 0            ; |hardwiring|Controller:inst12|EN0:inst10         ; work         ;
;       |EN1:inst6|          ; 1 (1)             ; 0 (0)        ; 0           ; 0            ; 0       ; 0         ; 0    ; 0            ; |hardwiring|Controller:inst12|EN1:inst6          ; work         ;
;       |G:inst15|           ; 2 (2)             ; 0 (0)        ; 0           ; 0            ; 0       ; 0         ; 0    ; 0            ; |hardwiring|Controller:inst12|G:inst15           ; work         ;
;       |M:inst|             ; 6 (6)             ; 0 (0)        ; 0           ; 0            ; 0       ; 0         ; 0    ; 0            ; |hardwiring|Controller:inst12|M:inst             ; work         ;
;       |MA:inst11|          ; 2 (2)             ; 0 (0)        ; 0           ; 0            ; 0       ; 0         ; 0    ; 0            ; |hardwiring|Controller:inst12|MA:inst11          ; work         ;
;       |PB:inst9|           ; 2 (2)             ; 0 (0)        ; 0           ; 0            ; 0       ; 0         ; 0    ; 0            ; |hardwiring|Controller:inst12|PB:inst9           ; work         ;
;       |RA:inst16|          ; 3 (3)             ; 0 (0)        ; 0           ; 0            ; 0       ; 0         ; 0    ; 0            ; |hardwiring|Controller:inst12|RA:inst16          ; work         ;
;       |RB:inst17|          ; 7 (7)             ; 0 (0)        ; 0           ; 0            ; 0       ; 0         ; 0    ; 0            ; |hardwiring|Controller:inst12|RB:inst17          ; work         ;
;       |RD:inst1|           ; 3 (3)             ; 0 (0)        ; 0           ; 0            ; 0       ; 0         ; 0    ; 0            ; |hardwiring|Controller:inst12|RD:inst1           ; work         ;
;       |S0:inst24|          ; 6 (6)             ; 0 (0)        ; 0           ; 0            ; 0       ; 0         ; 0    ; 0            ; |hardwiring|Controller:inst12|S0:inst24          ; work         ;
;       |S1:inst23|          ; 10 (10)           ; 0 (0)        ; 0           ; 0            ; 0       ; 0         ; 0    ; 0            ; |hardwiring|Controller:inst12|S1:inst23          ; work         ;
;       |S2:inst21|          ; 7 (7)             ; 0 (0)        ; 0           ; 0            ; 0       ; 0         ; 0    ; 0            ; |hardwiring|Controller:inst12|S2:inst21          ; work         ;
;       |S3:inst14|          ; 6 (6)             ; 0 (0)        ; 0           ; 0            ; 0       ; 0         ; 0    ; 0            ; |hardwiring|Controller:inst12|S3:inst14          ; work         ;
;       |WR:inst12|          ; 2 (2)             ; 0 (0)        ; 0           ; 0            ; 0       ; 0         ; 0    ; 0            ; |hardwiring|Controller:inst12|WR:inst12          ; work         ;
;    |beat:inst|             ; 7 (1)             ; 3 (1)        ; 0           ; 0            ; 0       ; 0         ; 0    ; 0            ; |hardwiring|beat:inst                            ; work         ;
;       |2-4:inst1|          ; 4 (4)             ; 0 (0)        ; 0           ; 0            ; 0       ; 0         ; 0    ; 0            ; |hardwiring|beat:inst|2-4:inst1                  ; work         ;
;       |4-1counter:inst|    ; 2 (2)             ; 2 (2)        ; 0           ; 0            ; 0       ; 0         ; 0    ; 0            ; |hardwiring|beat:inst|4-1counter:inst            ; work         ;
;    |lxmc:inst5|            ; 1 (1)             ; 1 (1)        ; 0           ; 0            ; 0       ; 0         ; 0    ; 0            ; |hardwiring|lxmc:inst5                           ; work         ;
;    |op:inst3|              ; 26 (26)           ; 0 (0)        ; 0           ; 0            ; 0       ; 0         ; 0    ; 0            ; |hardwiring|op:inst3                             ; work         ;
+----------------------------+-------------------+--------------+-------------+--------------+---------+-----------+------+--------------+--------------------------------------------------+--------------+
Note: For table entries with two numbers listed, the numbers in parentheses indicate the number of resources of the given type used by the specific entity alone. The numbers listed outside of parentheses indicate the total resources of the given type used by the specific entity and all of its sub-entities in the hierarchy.


+------------------------------------------------------------+
; Registers Removed During Synthesis                         ;
+---------------------------------------+--------------------+
; Register name                         ; Reason for Removal ;
+---------------------------------------+--------------------+
; ALU:inst10|mov:inst13|74198:inst|120  ; Lost fanout        ;
; ALU:inst10|mov:inst13|74198:inst|119  ; Lost fanout        ;
; ALU:inst10|mov:inst13|74198:inst|118  ; Lost fanout        ;
; ALU:inst10|mov:inst13|74198:inst|117  ; Lost fanout        ;
; ALU:inst10|mov:inst13|74198:inst|116  ; Lost fanout        ;
; ALU:inst10|mov:inst13|74198:inst|115  ; Lost fanout        ;
; ALU:inst10|mov:inst13|74198:inst|114  ; Lost fanout        ;
; ALU:inst10|mov:inst13|74198:inst|113  ; Lost fanout        ;
; Total Number of Removed Registers = 8 ;                    ;
+---------------------------------------+--------------------+


+-----------------------------------------------------------------------------------------------------------------------------------------+
; Removed Registers Triggering Further Register Optimizations                                                                             ;
+--------------------------------------+--------------------+-----------------------------------------------------------------------------+
; Register name                        ; Reason for Removal ; Registers Removed due to This Register                                      ;
+--------------------------------------+--------------------+-----------------------------------------------------------------------------+
; ALU:inst10|mov:inst13|74198:inst|120 ; Lost Fanouts       ; ALU:inst10|mov:inst13|74198:inst|119, ALU:inst10|mov:inst13|74198:inst|118, ;
;                                      ;                    ; ALU:inst10|mov:inst13|74198:inst|117, ALU:inst10|mov:inst13|74198:inst|116, ;
;                                      ;                    ; ALU:inst10|mov:inst13|74198:inst|115, ALU:inst10|mov:inst13|74198:inst|114, ;
;                                      ;                    ; ALU:inst10|mov:inst13|74198:inst|113                                        ;
+--------------------------------------+--------------------+-----------------------------------------------------------------------------+


+------------------------------------------------------+
; General Register Statistics                          ;
+----------------------------------------------+-------+
; Statistic                                    ; Value ;
+----------------------------------------------+-------+
; Total registers                              ; 42    ;
; Number of registers using Synchronous Clear  ; 0     ;
; Number of registers using Synchronous Load   ; 0     ;
; Number of registers using Asynchronous Clear ; 42    ;
; Number of registers using Asynchronous Load  ; 0     ;
; Number of registers using Clock Enable       ; 0     ;
; Number of registers using Preset             ; 0     ;
+----------------------------------------------+-------+


+-------------------------------+
; Analysis & Synthesis Messages ;
+-------------------------------+
Info: *******************************************************************
Info: Running Quartus II Analysis & Synthesis
    Info: Version 8.1 Build 163 10/28/2008 SJ Web Edition
    Info: Processing started: Mon May 28 14:54:05 2018
Info: Command: quartus_map --read_settings_files=on --write_settings_files=off hardwiring -c hardwiring
Info: Found 1 design units, including 1 entities, in source file hardwiring.bdf
    Info: Found entity 1: hardwiring
Info: Elaborating entity "hardwiring" for the top level hierarchy
Warning: Pin "LA12" is missing source
Warning: Pin "LA13" is missing source
Warning: Pin "LA2" is missing source
Warning: Pin "LA3" is missing source
Warning: Pin "LA4" is missing source
Warning: Pin "LA5" is missing source
Warning: Pin "LA6" is missing source
Warning: Pin "LA7" is missing source
Warning: Pin "LA14" is missing source
Warning: Pin "LA15" is missing source
Warning: Pin "LR6" is missing source
Warning: Pin "LR7" is missing source
Info: Elaborating entity "74273" for hierarchy "74273:MAR"
Info: Elaborated megafunction instantiation "74273:MAR"
Warning: Using design file alu/mul/ALU.bdf, which is not specified as a design file for the current project, but contains definitions for 1 design units and 1 entities in project
    Info: Found entity 1: ALU
Info: Elaborating entity "ALU" for hierarchy "ALU:inst10"
Warning: Using design file alu/3c1/3C1.bdf, which is not specified as a design file for the current project, but contains definitions for 1 design units and 1 entities in project
    Info: Found entity 1: 3C1
Info: Elaborating entity "3C1" for hierarchy "ALU:inst10|3C1:inst14"
Warning: Using design file alu/8b-add/8b_add.bdf, which is not specified as a design file for the current project, but contains definitions for 1 design units and 1 entities in project
    Info: Found entity 1: 8b_add
Info: Elaborating entity "8b_add" for hierarchy "ALU:inst10|8b_add:inst11"
Info: Elaborating entity "74181" for hierarchy "ALU:inst10|8b_add:inst11|74181:inst"
Info: Elaborated megafunction instantiation "ALU:inst10|8b_add:inst11|74181:inst"
Warning: Using design file alu/mul/MUL.bdf, which is not specified as a design file for the current project, but contains definitions for 1 design units and 1 entities in project
    Info: Found entity 1: MUL
Info: Elaborating entity "MUL" for hierarchy "ALU:inst10|MUL:inst12"
Info: Elaborating entity "74285" for hierarchy "ALU:inst10|MUL:inst12|74285:inst1"
Info: Elaborated megafunction instantiation "ALU:inst10|MUL:inst12|74285:inst1"
Info: Elaborating entity "74284" for hierarchy "ALU:inst10|MUL:inst12|74284:inst"
Info: Elaborated megafunction instantiation "ALU:inst10|MUL:inst12|74284:inst"
Warning: Using design file alu/mov/mov.bdf, which is not specified as a design file for the current project, but contains definitions for 1 design units and 1 entities in project
    Info: Found entity 1: mov
Info: Elaborating entity "mov" for hierarchy "ALU:inst10|mov:inst13"
Info: Elaborating entity "74198" for hierarchy "ALU:inst10|mov:inst13|74198:inst"
Info: Elaborated megafunction instantiation "ALU:inst10|mov:inst13|74198:inst"
Warning: Using design file controller/Controller.bdf, which is not specified as a design file for the current project, but contains definitions for 1 design units and 1 entities in project
    Info: Found entity 1: Controller
Info: Elaborating entity "Controller" for hierarchy "Controller:inst12"
Warning: Using design file controller/ma/MA.bdf, which is not specified as a design file for the current project, but contains definitions for 1 design units and 1 entities in project
    Info: Found entity 1: MA
Info: Elaborating entity "MA" for hierarchy "Controller:inst12|MA:inst11"
Warning: Using design file controller/ra/RA.bdf, which is not specified as a design file for the current project, but contains definitions for 1 design units and 1 entities in project
    Info: Found entity 1: RA
Info: Elaborating entity "RA" for hierarchy "Controller:inst12|RA:inst16"
Warning: Using design file controller/pb/PB.bdf, which is not specified as a design file for the current project, but contains definitions for 1 design units and 1 entities in project
    Info: Found entity 1: PB
Info: Elaborating entity "PB" for hierarchy "Controller:inst12|PB:inst9"
Warning: Using design file controller/rb/RB.bdf, which is not specified as a design file for the current project, but contains definitions for 1 design units and 1 entities in project
    Info: Found entity 1: RB
Info: Elaborating entity "RB" for hierarchy "Controller:inst12|RB:inst17"
Warning: Using design file controller/en0/EN0.bdf, which is not specified as a design file for the current project, but contains definitions for 1 design units and 1 entities in project
    Info: Found entity 1: EN0
Info: Elaborating entity "EN0" for hierarchy "Controller:inst12|EN0:inst10"
Warning: Block or symbol "OR12" of instance "inst9" overlaps another block or symbol
Warning: Using design file controller/en1/EN1.bdf, which is not specified as a design file for the current project, but contains definitions for 1 design units and 1 entities in project
    Info: Found entity 1: EN1
Info: Elaborating entity "EN1" for hierarchy "Controller:inst12|EN1:inst6"
Warning: Using design file controller/cpr0/CPR0.bdf, which is not specified as a design file for the current project, but contains definitions for 1 design units and 1 entities in project
    Info: Found entity 1: CPR0
Info: Elaborating entity "CPR0" for hierarchy "Controller:inst12|CPR0:inst18"
Warning: Block or symbol "OR8" of instance "inst" overlaps another block or symbol
Warning: Using design file controller/cpr1/CPR1.bdf, which is not specified as a design file for the current project, but contains definitions for 1 design units and 1 entities in project
    Info: Found entity 1: CPR1
Info: Elaborating entity "CPR1" for hierarchy "Controller:inst12|CPR1:inst22"
Warning: Using design file controller/cppc/CPPC.bdf, which is not specified as a design file for the current project, but contains definitions for 1 design units and 1 entities in project
    Info: Found entity 1: CPPC
Info: Elaborating entity "CPPC" for hierarchy "Controller:inst12|CPPC:inst3"
Warning: Using design file controller/cpir/CPIR.bdf, which is not specified as a design file for the current project, but contains definitions for 1 design units and 1 entities in project
    Info: Found entity 1: CPIR
Info: Elaborating entity "CPIR" for hierarchy "Controller:inst12|CPIR:inst2"
Warning: Using design file controller/rd/RD.bdf, which is not specified as a design file for the current project, but contains definitions for 1 design units and 1 entities in project
    Info: Found entity 1: RD
Info: Elaborating entity "RD" for hierarchy "Controller:inst12|RD:inst1"
Warning: Using design file controller/c/C.bdf, which is not specified as a design file for the current project, but contains definitions for 1 design units and 1 entities in project
    Info: Found entity 1: C
Info: Elaborating entity "C" for hierarchy "Controller:inst12|C:inst13"
Warning: Block or symbol "OR4" of instance "inst" overlaps another block or symbol
Warning: Using design file controller/g/G.bdf, which is not specified as a design file for the current project, but contains definitions for 1 design units and 1 entities in project
    Info: Found entity 1: G
Info: Elaborating entity "G" for hierarchy "Controller:inst12|G:inst15"
Warning: Using design file controller/m/M.bdf, which is not specified as a design file for the current project, but contains definitions for 1 design units and 1 entities in project
    Info: Found entity 1: M
Info: Elaborating entity "M" for hierarchy "Controller:inst12|M:inst"
Warning: Using design file controller/s3/S3.bdf, which is not specified as a design file for the current project, but contains definitions for 1 design units and 1 entities in project
    Info: Found entity 1: S3
Info: Elaborating entity "S3" for hierarchy "Controller:inst12|S3:inst14"
Warning: Block or symbol "OR8" of instance "inst16" overlaps another block or symbol
Warning: Using design file controller/s2/S2.bdf, which is not specified as a design file for the current project, but contains definitions for 1 design units and 1 entities in project
    Info: Found entity 1: S2
Info: Elaborating entity "S2" for hierarchy "Controller:inst12|S2:inst21"
Warning: Using design file controller/s1/S1.bdf, which is not specified as a design file for the current project, but contains definitions for 1 design units and 1 entities in project
    Info: Found entity 1: S1
Info: Elaborating entity "S1" for hierarchy "Controller:inst12|S1:inst23"
Warning: Using design file controller/s0/S0.bdf, which is not specified as a design file for the current project, but contains definitions for 1 design units and 1 entities in project
    Info: Found entity 1: S0
Info: Elaborating entity "S0" for hierarchy "Controller:inst12|S0:inst24"
Warning: Using design file controller/cn/CN.bdf, which is not specified as a design file for the current project, but contains definitions for 1 design units and 1 entities in project
    Info: Found entity 1: CN
Info: Elaborating entity "CN" for hierarchy "Controller:inst12|CN:inst20"
Warning: Using design file controller/wr/WR.bdf, which is not specified as a design file for the current project, but contains definitions for 1 design units and 1 entities in project
    Info: Found entity 1: WR
Info: Elaborating entity "WR" for hierarchy "Controller:inst12|WR:inst12"
Warning: Block or symbol "OR4" of instance "inst" overlaps another block or symbol
Warning: Using design file controller/cpmar/CPMAR.bdf, which is not specified as a design file for the current project, but contains definitions for 1 design units and 1 entities in project
    Info: Found entity 1: CPMAR
Info: Elaborating entity "CPMAR" for hierarchy "Controller:inst12|CPMAR:inst19"
Warning: Block or symbol "OR4" of instance "inst5" overlaps another block or symbol
Warning: Using design file beat/beat.bdf, which is not specified as a design file for the current project, but contains definitions for 1 design units and 1 entities in project
    Info: Found entity 1: beat
Info: Elaborating entity "beat" for hierarchy "beat:inst"
Warning: Using design file beat/2-4.bdf, which is not specified as a design file for the current project, but contains definitions for 1 design units and 1 entities in project
    Info: Found entity 1: 2-4
Info: Elaborating entity "2-4" for hierarchy "beat:inst|2-4:inst1"
Warning: Block or symbol "NOT" of instance "inst7" overlaps another block or symbol
Warning: Using design file beat/4-1counter.bdf, which is not specified as a design file for the current project, but contains definitions for 1 design units and 1 entities in project
    Info: Found entity 1: 4-1counter
Info: Elaborating entity "4-1counter" for hierarchy "beat:inst|4-1counter:inst"
Warning: Using design file beat/lxmc.bdf, which is not specified as a design file for the current project, but contains definitions for 1 design units and 1 entities in project
    Info: Found entity 1: lxmc
Info: Elaborating entity "lxmc" for hierarchy "lxmc:inst5"
Warning: Block or symbol "VCC" of instance "inst2" overlaps another block or symbol
Warning: Using design file op/op.bdf, which is not specified as a design file for the current project, but contains definitions for 1 design units and 1 entities in project
    Info: Found entity 1: op
Info: Elaborating entity "op" for hierarchy "op:inst3"
Warning: Block or symbol "AND6" of instance "inst" overlaps another block or symbol
Warning: Block or symbol "AND6" of instance "inst12" overlaps another block or symbol
Warning: Block or symbol "AND6" of instance "inst15" overlaps another block or symbol
Warning: Block or symbol "AND6" of instance "inst16" overlaps another block or symbol
Warning: Block or symbol "AND6" of instance "inst18" overlaps another block or symbol
Warning: Block or symbol "AND6" of instance "inst20" overlaps another block or symbol
Warning: Block or symbol "AND6" of instance "inst22" overlaps another block or symbol
Warning: Block or symbol "AND6" of instance "inst24" overlaps another block or symbol
Warning: Block or symbol "AND6" of instance "inst26" overlaps another block or symbol
Warning: Block or symbol "AND6" of instance "inst28" overlaps another block or symbol
Warning: Block or symbol "AND6" of instance "inst30" overlaps another block or symbol
Warning: Block or symbol "AND6" of instance "inst32" overlaps another block or symbol
Warning: Block or symbol "AND6" of instance "inst35" overlaps another block or symbol
Warning: Block or symbol "AND6" of instance "inst43" overlaps another block or symbol
Warning: Using design file 2c1/2C1.bdf, which is not specified as a design file for the current project, but contains definitions for 1 design units and 1 entities in project
    Info: Found entity 1: 2C1
Info: Elaborating entity "2C1" for hierarchy "2C1:inst6"
Warning: Using design file tri/tri-8.bdf, which is not specified as a design file for the current project, but contains definitions for 1 design units and 1 entities in project
    Info: Found entity 1: tri-8
Info: Elaborating entity "tri-8" for hierarchy "tri-8:inst23"
Info: Ignored 39 buffer(s)
    Info: Ignored 39 SOFT buffer(s)
Warning: Output pins are stuck at VCC or GND
    Warning (13410): Pin "LA12" is stuck at GND
    Warning (13410): Pin "LA13" is stuck at GND
    Warning (13410): Pin "LA2" is stuck at GND
    Warning (13410): Pin "LA3" is stuck at GND
    Warning (13410): Pin "LA4" is stuck at GND
    Warning (13410): Pin "LA5" is stuck at GND
    Warning (13410): Pin "LA6" is stuck at GND
    Warning (13410): Pin "LA7" is stuck at GND
    Warning (13410): Pin "LA14" is stuck at GND
    Warning (13410): Pin "LA15" is stuck at GND
    Warning (13410): Pin "LR6" is stuck at GND
    Warning (13410): Pin "LR7" is stuck at GND
Info: 8 registers lost all their fanouts during netlist optimizations. The first 8 are displayed below.
    Info: Register "ALU:inst10|mov:inst13|74198:inst|120" lost all its fanouts during netlist optimizations.
    Info: Register "ALU:inst10|mov:inst13|74198:inst|119" lost all its fanouts during netlist optimizations.
    Info: Register "ALU:inst10|mov:inst13|74198:inst|118" lost all its fanouts during netlist optimizations.
    Info: Register "ALU:inst10|mov:inst13|74198:inst|117" lost all its fanouts during netlist optimizations.
    Info: Register "ALU:inst10|mov:inst13|74198:inst|116" lost all its fanouts during netlist optimizations.
    Info: Register "ALU:inst10|mov:inst13|74198:inst|115" lost all its fanouts during netlist optimizations.
    Info: Register "ALU:inst10|mov:inst13|74198:inst|114" lost all its fanouts during netlist optimizations.
    Info: Register "ALU:inst10|mov:inst13|74198:inst|113" lost all its fanouts during netlist optimizations.
Info: Implemented 338 device resources after synthesis - the final resource count might be different
    Info: Implemented 5 input pins
    Info: Implemented 56 output pins
    Info: Implemented 8 bidirectional pins
    Info: Implemented 269 logic cells
Info: Quartus II Analysis & Synthesis was successful. 0 errors, 81 warnings
    Info: Peak virtual memory: 211 megabytes
    Info: Processing ended: Mon May 28 14:54:09 2018
    Info: Elapsed time: 00:00:04
    Info: Total CPU time (on all processors): 00:00:03


