Classic Timing Analyzer report for RB
Tue May 22 14:12:24 2018
Quartus II Version 8.1 Build 163 10/28/2008 SJ Web Edition


---------------------
; Table of Contents ;
---------------------
  1. Legal Notice
  2. Timing Analyzer Summary
  3. Timing Analyzer Settings
  4. tpd
  5. Timing Analyzer Messages



----------------
; Legal Notice ;
----------------
Copyright (C) 1991-2008 Altera Corporation
Your use of Altera Corporation's design tools, logic functions 
and other software and tools, and its AMPP partner logic 
functions, and any output files from any of the foregoing 
(including device programming or simulation files), and any 
associated documentation or information are expressly subject 
to the terms and conditions of the Altera Program License 
Subscription Agreement, Altera MegaCore Function License 
Agreement, or other applicable license agreement, including, 
without limitation, that your use is for the sole purpose of 
programming logic devices manufactured by Altera and sold by 
Altera or its authorized distributors.  Please refer to the 
applicable agreement for further details.



+------------------------------------------------------------------------------------------------------------------------+
; Timing Analyzer Summary                                                                                                ;
+------------------------------+-------+---------------+-------------+-------+----+------------+----------+--------------+
; Type                         ; Slack ; Required Time ; Actual Time ; From  ; To ; From Clock ; To Clock ; Failed Paths ;
+------------------------------+-------+---------------+-------------+-------+----+------------+----------+--------------+
; Worst-case tpd               ; N/A   ; None          ; 13.772 ns   ; STOR3 ; RB ; --         ; --       ; 0            ;
; Total number of failed paths ;       ;               ;             ;       ;    ;            ;          ; 0            ;
+------------------------------+-------+---------------+-------------+-------+----+------------+----------+--------------+


+--------------------------------------------------------------------------------------------------------------------+
; Timing Analyzer Settings                                                                                           ;
+---------------------------------------------------------------------+--------------------+------+----+-------------+
; Option                                                              ; Setting            ; From ; To ; Entity Name ;
+---------------------------------------------------------------------+--------------------+------+----+-------------+
; Device Name                                                         ; EP2C8Q208C7        ;      ;    ;             ;
; Timing Models                                                       ; Final              ;      ;    ;             ;
; Default hold multicycle                                             ; Same as Multicycle ;      ;    ;             ;
; Cut paths between unrelated clock domains                           ; On                 ;      ;    ;             ;
; Cut off read during write signal paths                              ; On                 ;      ;    ;             ;
; Cut off feedback from I/O pins                                      ; On                 ;      ;    ;             ;
; Report Combined Fast/Slow Timing                                    ; Off                ;      ;    ;             ;
; Ignore Clock Settings                                               ; Off                ;      ;    ;             ;
; Analyze latches as synchronous elements                             ; On                 ;      ;    ;             ;
; Enable Recovery/Removal analysis                                    ; Off                ;      ;    ;             ;
; Enable Clock Latency                                                ; Off                ;      ;    ;             ;
; Use TimeQuest Timing Analyzer                                       ; Off                ;      ;    ;             ;
; Minimum Core Junction Temperature                                   ; 0                  ;      ;    ;             ;
; Maximum Core Junction Temperature                                   ; 85                 ;      ;    ;             ;
; Number of source nodes to report per destination node               ; 10                 ;      ;    ;             ;
; Number of destination nodes to report                               ; 10                 ;      ;    ;             ;
; Number of paths to report                                           ; 200                ;      ;    ;             ;
; Report Minimum Timing Checks                                        ; Off                ;      ;    ;             ;
; Use Fast Timing Models                                              ; Off                ;      ;    ;             ;
; Report IO Paths Separately                                          ; Off                ;      ;    ;             ;
; Perform Multicorner Analysis                                        ; On                 ;      ;    ;             ;
; Reports the worst-case path for each clock domain and analysis      ; Off                ;      ;    ;             ;
; Removes common clock path pessimism (CCPP) during slack computation ; Off                ;      ;    ;             ;
; Output I/O Timing Endpoint                                          ; Near End           ;      ;    ;             ;
+---------------------------------------------------------------------+--------------------+------+----+-------------+


+----------------------------------------------------------+
; tpd                                                      ;
+-------+-------------------+-----------------+-------+----+
; Slack ; Required P2P Time ; Actual P2P Time ; From  ; To ;
+-------+-------------------+-----------------+-------+----+
; N/A   ; None              ; 13.772 ns       ; STOR3 ; RB ;
; N/A   ; None              ; 13.686 ns       ; LOAD3 ; RB ;
; N/A   ; None              ; 13.444 ns       ; SUB   ; RB ;
; N/A   ; None              ; 13.340 ns       ; LOAD2 ; RB ;
; N/A   ; None              ; 13.319 ns       ; OR    ; RB ;
; N/A   ; None              ; 12.840 ns       ; ADD   ; RB ;
; N/A   ; None              ; 12.684 ns       ; STOR1 ; RB ;
; N/A   ; None              ; 12.585 ns       ; STOR2 ; RB ;
; N/A   ; None              ; 12.180 ns       ; T1    ; RB ;
; N/A   ; None              ; 11.967 ns       ; T4    ; RB ;
; N/A   ; None              ; 11.852 ns       ; W2    ; RB ;
; N/A   ; None              ; 11.778 ns       ; T2    ; RB ;
; N/A   ; None              ; 11.774 ns       ; STOR5 ; RB ;
; N/A   ; None              ; 9.105 ns        ; MOV1  ; RB ;
; N/A   ; None              ; 9.027 ns        ; XOR   ; RB ;
; N/A   ; None              ; 8.985 ns        ; MUL   ; RB ;
; N/A   ; None              ; 8.749 ns        ; AND   ; RB ;
+-------+-------------------+-----------------+-------+----+


+--------------------------+
; Timing Analyzer Messages ;
+--------------------------+
Info: *******************************************************************
Info: Running Quartus II Classic Timing Analyzer
    Info: Version 8.1 Build 163 10/28/2008 SJ Web Edition
    Info: Processing started: Tue May 22 14:12:24 2018
Info: Command: quartus_tan --read_settings_files=off --write_settings_files=off RB -c RB --timing_analysis_only
Info: Longest tpd from source pin "STOR3" to destination pin "RB" is 13.772 ns
    Info: 1: + IC(0.000 ns) + CELL(0.914 ns) = 0.914 ns; Loc. = PIN_31; Fanout = 1; PIN Node = 'STOR3'
    Info: 2: + IC(5.253 ns) + CELL(0.545 ns) = 6.712 ns; Loc. = LCCOMB_X1_Y5_N2; Fanout = 1; COMB Node = 'inst~420'
    Info: 3: + IC(0.286 ns) + CELL(0.178 ns) = 7.176 ns; Loc. = LCCOMB_X1_Y5_N12; Fanout = 1; COMB Node = 'inst~421'
    Info: 4: + IC(0.312 ns) + CELL(0.545 ns) = 8.033 ns; Loc. = LCCOMB_X1_Y5_N6; Fanout = 1; COMB Node = 'inst~422'
    Info: 5: + IC(0.315 ns) + CELL(0.513 ns) = 8.861 ns; Loc. = LCCOMB_X1_Y5_N18; Fanout = 1; COMB Node = 'inst~424'
    Info: 6: + IC(1.845 ns) + CELL(3.066 ns) = 13.772 ns; Loc. = PIN_69; Fanout = 0; PIN Node = 'RB'
    Info: Total cell delay = 5.761 ns ( 41.83 % )
    Info: Total interconnect delay = 8.011 ns ( 58.17 % )
Info: Quartus II Classic Timing Analyzer was successful. 0 errors, 0 warnings
    Info: Peak virtual memory: 176 megabytes
    Info: Processing ended: Tue May 22 14:12:24 2018
    Info: Elapsed time: 00:00:00
    Info: Total CPU time (on all processors): 00:00:00


