Classic Timing Analyzer report for PB
Tue May 22 14:01:00 2018
Quartus II Version 8.1 Build 163 10/28/2008 SJ Web Edition


---------------------
; Table of Contents ;
---------------------
  1. Legal Notice
  2. Timing Analyzer Summary
  3. Timing Analyzer Settings
  4. tpd
  5. Timing Analyzer Messages



----------------
; Legal Notice ;
----------------
Copyright (C) 1991-2008 Altera Corporation
Your use of Altera Corporation's design tools, logic functions 
and other software and tools, and its AMPP partner logic 
functions, and any output files from any of the foregoing 
(including device programming or simulation files), and any 
associated documentation or information are expressly subject 
to the terms and conditions of the Altera Program License 
Subscription Agreement, Altera MegaCore Function License 
Agreement, or other applicable license agreement, including, 
without limitation, that your use is for the sole purpose of 
programming logic devices manufactured by Altera and sold by 
Altera or its authorized distributors.  Please refer to the 
applicable agreement for further details.



+------------------------------------------------------------------------------------------------------------------------+
; Timing Analyzer Summary                                                                                                ;
+------------------------------+-------+---------------+-------------+-------+----+------------+----------+--------------+
; Type                         ; Slack ; Required Time ; Actual Time ; From  ; To ; From Clock ; To Clock ; Failed Paths ;
+------------------------------+-------+---------------+-------------+-------+----+------------+----------+--------------+
; Worst-case tpd               ; N/A   ; None          ; 12.132 ns   ; STOR5 ; PB ; --         ; --       ; 0            ;
; Total number of failed paths ;       ;               ;             ;       ;    ;            ;          ; 0            ;
+------------------------------+-------+---------------+-------------+-------+----+------------+----------+--------------+


+--------------------------------------------------------------------------------------------------------------------+
; Timing Analyzer Settings                                                                                           ;
+---------------------------------------------------------------------+--------------------+------+----+-------------+
; Option                                                              ; Setting            ; From ; To ; Entity Name ;
+---------------------------------------------------------------------+--------------------+------+----+-------------+
; Device Name                                                         ; EP2C8Q208C7        ;      ;    ;             ;
; Timing Models                                                       ; Final              ;      ;    ;             ;
; Default hold multicycle                                             ; Same as Multicycle ;      ;    ;             ;
; Cut paths between unrelated clock domains                           ; On                 ;      ;    ;             ;
; Cut off read during write signal paths                              ; On                 ;      ;    ;             ;
; Cut off feedback from I/O pins                                      ; On                 ;      ;    ;             ;
; Report Combined Fast/Slow Timing                                    ; Off                ;      ;    ;             ;
; Ignore Clock Settings                                               ; Off                ;      ;    ;             ;
; Analyze latches as synchronous elements                             ; On                 ;      ;    ;             ;
; Enable Recovery/Removal analysis                                    ; Off                ;      ;    ;             ;
; Enable Clock Latency                                                ; Off                ;      ;    ;             ;
; Use TimeQuest Timing Analyzer                                       ; Off                ;      ;    ;             ;
; Minimum Core Junction Temperature                                   ; 0                  ;      ;    ;             ;
; Maximum Core Junction Temperature                                   ; 85                 ;      ;    ;             ;
; Number of source nodes to report per destination node               ; 10                 ;      ;    ;             ;
; Number of destination nodes to report                               ; 10                 ;      ;    ;             ;
; Number of paths to report                                           ; 200                ;      ;    ;             ;
; Report Minimum Timing Checks                                        ; Off                ;      ;    ;             ;
; Use Fast Timing Models                                              ; Off                ;      ;    ;             ;
; Report IO Paths Separately                                          ; Off                ;      ;    ;             ;
; Perform Multicorner Analysis                                        ; On                 ;      ;    ;             ;
; Reports the worst-case path for each clock domain and analysis      ; Off                ;      ;    ;             ;
; Removes common clock path pessimism (CCPP) during slack computation ; Off                ;      ;    ;             ;
; Output I/O Timing Endpoint                                          ; Near End           ;      ;    ;             ;
+---------------------------------------------------------------------+--------------------+------+----+-------------+


+----------------------------------------------------------+
; tpd                                                      ;
+-------+-------------------+-----------------+-------+----+
; Slack ; Required P2P Time ; Actual P2P Time ; From  ; To ;
+-------+-------------------+-----------------+-------+----+
; N/A   ; None              ; 12.132 ns       ; STOR5 ; PB ;
; N/A   ; None              ; 11.893 ns       ; LOAD7 ; PB ;
; N/A   ; None              ; 11.854 ns       ; LOAD4 ; PB ;
; N/A   ; None              ; 11.845 ns       ; STOR4 ; PB ;
; N/A   ; None              ; 11.789 ns       ; B1    ; PB ;
; N/A   ; None              ; 11.772 ns       ; LOAD6 ; PB ;
; N/A   ; None              ; 11.014 ns       ; LOAD5 ; PB ;
; N/A   ; None              ; 10.781 ns       ; T1    ; PB ;
; N/A   ; None              ; 10.473 ns       ; W2    ; PB ;
; N/A   ; None              ; 6.771 ns        ; T2    ; PB ;
; N/A   ; None              ; 6.535 ns        ; W1    ; PB ;
; N/A   ; None              ; 6.492 ns        ; T3    ; PB ;
+-------+-------------------+-----------------+-------+----+


+--------------------------+
; Timing Analyzer Messages ;
+--------------------------+
Info: *******************************************************************
Info: Running Quartus II Classic Timing Analyzer
    Info: Version 8.1 Build 163 10/28/2008 SJ Web Edition
    Info: Processing started: Tue May 22 14:01:00 2018
Info: Command: quartus_tan --read_settings_files=off --write_settings_files=off PB -c PB --timing_analysis_only
Info: Longest tpd from source pin "STOR5" to destination pin "PB" is 12.132 ns
    Info: 1: + IC(0.000 ns) + CELL(0.914 ns) = 0.914 ns; Loc. = PIN_34; Fanout = 1; PIN Node = 'STOR5'
    Info: 2: + IC(5.202 ns) + CELL(0.521 ns) = 6.637 ns; Loc. = LCCOMB_X1_Y3_N0; Fanout = 1; COMB Node = 'inst~286'
    Info: 3: + IC(0.289 ns) + CELL(0.521 ns) = 7.447 ns; Loc. = LCCOMB_X1_Y3_N2; Fanout = 1; COMB Node = 'inst~287'
    Info: 4: + IC(0.287 ns) + CELL(0.178 ns) = 7.912 ns; Loc. = LCCOMB_X1_Y3_N28; Fanout = 1; COMB Node = 'inst~288'
    Info: 5: + IC(0.284 ns) + CELL(0.178 ns) = 8.374 ns; Loc. = LCCOMB_X1_Y3_N22; Fanout = 1; COMB Node = 'inst~289'
    Info: 6: + IC(0.858 ns) + CELL(2.900 ns) = 12.132 ns; Loc. = PIN_41; Fanout = 0; PIN Node = 'PB'
    Info: Total cell delay = 5.212 ns ( 42.96 % )
    Info: Total interconnect delay = 6.920 ns ( 57.04 % )
Info: Quartus II Classic Timing Analyzer was successful. 0 errors, 0 warnings
    Info: Peak virtual memory: 176 megabytes
    Info: Processing ended: Tue May 22 14:01:01 2018
    Info: Elapsed time: 00:00:01
    Info: Total CPU time (on all processors): 00:00:00


