Flow report for Controller
Fri May 25 19:53:55 2018
Quartus II Version 8.1 Build 163 10/28/2008 SJ Web Edition


---------------------
; Table of Contents ;
---------------------
  1. Legal Notice
  2. Flow Summary
  3. Flow Settings
  4. Flow Non-Default Global Settings
  5. Flow Elapsed Time
  6. Flow OS Summary
  7. Flow Log



----------------
; Legal Notice ;
----------------
Copyright (C) 1991-2008 Altera Corporation
Your use of Altera Corporation's design tools, logic functions 
and other software and tools, and its AMPP partner logic 
functions, and any output files from any of the foregoing 
(including device programming or simulation files), and any 
associated documentation or information are expressly subject 
to the terms and conditions of the Altera Program License 
Subscription Agreement, Altera MegaCore Function License 
Agreement, or other applicable license agreement, including, 
without limitation, that your use is for the sole purpose of 
programming logic devices manufactured by Altera and sold by 
Altera or its authorized distributors.  Please refer to the 
applicable agreement for further details.



+------------------------------------------------------------------------------+
; Flow Summary                                                                 ;
+------------------------------------+-----------------------------------------+
; Flow Status                        ; Successful - Fri May 25 19:53:55 2018   ;
; Quartus II Version                 ; 8.1 Build 163 10/28/2008 SJ Web Edition ;
; Revision Name                      ; Controller                              ;
; Top-level Entity Name              ; Controller                              ;
; Family                             ; Cyclone II                              ;
; Device                             ; EP2C8Q208C7                             ;
; Timing Models                      ; Final                                   ;
; Met timing requirements            ; Yes                                     ;
; Total logic elements               ; 79 / 8,256 ( < 1 % )                    ;
;     Total combinational functions  ; 79 / 8,256 ( < 1 % )                    ;
;     Dedicated logic registers      ; 0 / 8,256 ( 0 % )                       ;
; Total registers                    ; 0                                       ;
; Total pins                         ; 56 / 138 ( 41 % )                       ;
; Total virtual pins                 ; 0                                       ;
; Total memory bits                  ; 0 / 165,888 ( 0 % )                     ;
; Embedded Multiplier 9-bit elements ; 0 / 36 ( 0 % )                          ;
; Total PLLs                         ; 0 / 2 ( 0 % )                           ;
+------------------------------------+-----------------------------------------+


+-----------------------------------------+
; Flow Settings                           ;
+-------------------+---------------------+
; Option            ; Setting             ;
+-------------------+---------------------+
; Start date & time ; 05/25/2018 19:53:50 ;
; Main task         ; Compilation         ;
; Revision Name     ; Controller          ;
+-------------------+---------------------+


+--------------------------------------------------------------------------------------------------------------------------------------------+
; Flow Non-Default Global Settings                                                                                                           ;
+------------------------------------+--------------------------------------------------------+---------------+-------------+----------------+
; Assignment Name                    ; Value                                                  ; Default Value ; Entity Name ; Section Id     ;
+------------------------------------+--------------------------------------------------------+---------------+-------------+----------------+
; COMPILER_SIGNATURE_ID              ; 88623632182735.152724923006800                         ; --            ; --          ; --             ;
; MAX_CORE_JUNCTION_TEMP             ; 85                                                     ; --            ; --          ; --             ;
; MIN_CORE_JUNCTION_TEMP             ; 0                                                      ; --            ; --          ; --             ;
; MISC_FILE                          ; D:/Monday/Project/HardWiring/Controller/Controller.dpf ; --            ; --          ; --             ;
; PARTITION_COLOR                    ; 16764057                                               ; --            ; --          ; Top            ;
; PARTITION_NETLIST_TYPE             ; SOURCE                                                 ; --            ; --          ; Top            ;
; SEARCH_PATH                        ; wr                                                     ; --            ; --          ; --             ;
; SEARCH_PATH                        ; s3                                                     ; --            ; --          ; --             ;
; SEARCH_PATH                        ; s2                                                     ; --            ; --          ; --             ;
; SEARCH_PATH                        ; s1                                                     ; --            ; --          ; --             ;
; SEARCH_PATH                        ; s0                                                     ; --            ; --          ; --             ;
; SEARCH_PATH                        ; rd                                                     ; --            ; --          ; --             ;
; SEARCH_PATH                        ; rb                                                     ; --            ; --          ; --             ;
; SEARCH_PATH                        ; ra                                                     ; --            ; --          ; --             ;
; SEARCH_PATH                        ; pb                                                     ; --            ; --          ; --             ;
; SEARCH_PATH                        ; m                                                      ; --            ; --          ; --             ;
; SEARCH_PATH                        ; g                                                      ; --            ; --          ; --             ;
; SEARCH_PATH                        ; en1                                                    ; --            ; --          ; --             ;
; SEARCH_PATH                        ; en0                                                    ; --            ; --          ; --             ;
; SEARCH_PATH                        ; cpr1                                                   ; --            ; --          ; --             ;
; SEARCH_PATH                        ; cpr0                                                   ; --            ; --          ; --             ;
; SEARCH_PATH                        ; cpmar                                                  ; --            ; --          ; --             ;
; SEARCH_PATH                        ; cppc                                                   ; --            ; --          ; --             ;
; SEARCH_PATH                        ; cpir                                                   ; --            ; --          ; --             ;
; SEARCH_PATH                        ; cn                                                     ; --            ; --          ; --             ;
; SEARCH_PATH                        ; ma                                                     ; --            ; --          ; --             ;
; SEARCH_PATH                        ; c                                                      ; --            ; --          ; --             ;
; USE_GENERATED_PHYSICAL_CONSTRAINTS ; Off                                                    ; --            ; --          ; eda_blast_fpga ;
+------------------------------------+--------------------------------------------------------+---------------+-------------+----------------+


+-----------------------------------------------------------------------------------------------------------------------------+
; Flow Elapsed Time                                                                                                           ;
+-------------------------+--------------+-------------------------+---------------------+------------------------------------+
; Module Name             ; Elapsed Time ; Average Processors Used ; Peak Virtual Memory ; Total CPU Time (on all processors) ;
+-------------------------+--------------+-------------------------+---------------------+------------------------------------+
; Analysis & Synthesis    ; 00:00:01     ; 1.0                     ; 208 MB              ; 00:00:01                           ;
; Fitter                  ; 00:00:01     ; 1.0                     ; 225 MB              ; 00:00:01                           ;
; Assembler               ; 00:00:00     ; 1.0                     ; 205 MB              ; 00:00:00                           ;
; Classic Timing Analyzer ; 00:00:00     ; 1.0                     ; 164 MB              ; 00:00:00                           ;
; Total                   ; 00:00:02     ; --                      ; --                  ; 00:00:02                           ;
+-------------------------+--------------+-------------------------+---------------------+------------------------------------+


+------------------------------------------------------------------------------------------+
; Flow OS Summary                                                                          ;
+-------------------------+------------------+---------------+------------+----------------+
; Module Name             ; Machine Hostname ; OS Name       ; OS Version ; Processor type ;
+-------------------------+------------------+---------------+------------+----------------+
; Analysis & Synthesis    ; 11509            ; Windows Vista ; 6.1        ; x86_64         ;
; Fitter                  ; 11509            ; Windows Vista ; 6.1        ; x86_64         ;
; Assembler               ; 11509            ; Windows Vista ; 6.1        ; x86_64         ;
; Classic Timing Analyzer ; 11509            ; Windows Vista ; 6.1        ; x86_64         ;
+-------------------------+------------------+---------------+------------+----------------+


------------
; Flow Log ;
------------
quartus_map --read_settings_files=on --write_settings_files=off Controller -c Controller
quartus_fit --read_settings_files=off --write_settings_files=off Controller -c Controller
quartus_asm --read_settings_files=off --write_settings_files=off Controller -c Controller
quartus_tan --read_settings_files=off --write_settings_files=off Controller -c Controller --timing_analysis_only



