Analysis & Synthesis report for ALU
Mon May 21 13:18:36 2018
Quartus II Version 8.1 Build 163 10/28/2008 SJ Web Edition


---------------------
; Table of Contents ;
---------------------
  1. Legal Notice
  2. Analysis & Synthesis Summary
  3. Analysis & Synthesis Settings
  4. Analysis & Synthesis Source Files Read
  5. Analysis & Synthesis Resource Usage Summary
  6. Analysis & Synthesis Resource Utilization by Entity
  7. General Register Statistics
  8. Analysis & Synthesis Messages



----------------
; Legal Notice ;
----------------
Copyright (C) 1991-2008 Altera Corporation
Your use of Altera Corporation's design tools, logic functions 
and other software and tools, and its AMPP partner logic 
functions, and any output files from any of the foregoing 
(including device programming or simulation files), and any 
associated documentation or information are expressly subject 
to the terms and conditions of the Altera Program License 
Subscription Agreement, Altera MegaCore Function License 
Agreement, or other applicable license agreement, including, 
without limitation, that your use is for the sole purpose of 
programming logic devices manufactured by Altera and sold by 
Altera or its authorized distributors.  Please refer to the 
applicable agreement for further details.



+------------------------------------------------------------------------------+
; Analysis & Synthesis Summary                                                 ;
+------------------------------------+-----------------------------------------+
; Analysis & Synthesis Status        ; Successful - Mon May 21 13:18:36 2018   ;
; Quartus II Version                 ; 8.1 Build 163 10/28/2008 SJ Web Edition ;
; Revision Name                      ; ALU                                     ;
; Top-level Entity Name              ; ALU                                     ;
; Family                             ; Cyclone II                              ;
; Total logic elements               ; 120                                     ;
;     Total combinational functions  ; 120                                     ;
;     Dedicated logic registers      ; 8                                       ;
; Total registers                    ; 8                                       ;
; Total pins                         ; 34                                      ;
; Total virtual pins                 ; 0                                       ;
; Total memory bits                  ; 0                                       ;
; Embedded Multiplier 9-bit elements ; 0                                       ;
; Total PLLs                         ; 0                                       ;
+------------------------------------+-----------------------------------------+


+----------------------------------------------------------------------------------------------------------+
; Analysis & Synthesis Settings                                                                            ;
+----------------------------------------------------------------+--------------------+--------------------+
; Option                                                         ; Setting            ; Default Value      ;
+----------------------------------------------------------------+--------------------+--------------------+
; Device                                                         ; EP2C8Q208C7        ;                    ;
; Top-level entity name                                          ; ALU                ; ALU                ;
; Family name                                                    ; Cyclone II         ; Stratix II         ;
; Use Generated Physical Constraints File                        ; Off                ;                    ;
; Use smart compilation                                          ; Off                ; Off                ;
; Restructure Multiplexers                                       ; Auto               ; Auto               ;
; Create Debugging Nodes for IP Cores                            ; Off                ; Off                ;
; Preserve fewer node names                                      ; On                 ; On                 ;
; Disable OpenCore Plus hardware evaluation                      ; Off                ; Off                ;
; Verilog Version                                                ; Verilog_2001       ; Verilog_2001       ;
; VHDL Version                                                   ; VHDL93             ; VHDL93             ;
; State Machine Processing                                       ; Auto               ; Auto               ;
; Safe State Machine                                             ; Off                ; Off                ;
; Extract Verilog State Machines                                 ; On                 ; On                 ;
; Extract VHDL State Machines                                    ; On                 ; On                 ;
; Ignore Verilog initial constructs                              ; Off                ; Off                ;
; Iteration limit for constant Verilog loops                     ; 5000               ; 5000               ;
; Iteration limit for non-constant Verilog loops                 ; 250                ; 250                ;
; Add Pass-Through Logic to Inferred RAMs                        ; On                 ; On                 ;
; Parallel Synthesis                                             ; Off                ; Off                ;
; DSP Block Balancing                                            ; Auto               ; Auto               ;
; NOT Gate Push-Back                                             ; On                 ; On                 ;
; Power-Up Don't Care                                            ; On                 ; On                 ;
; Remove Redundant Logic Cells                                   ; Off                ; Off                ;
; Remove Duplicate Registers                                     ; On                 ; On                 ;
; Ignore CARRY Buffers                                           ; Off                ; Off                ;
; Ignore CASCADE Buffers                                         ; Off                ; Off                ;
; Ignore GLOBAL Buffers                                          ; Off                ; Off                ;
; Ignore ROW GLOBAL Buffers                                      ; Off                ; Off                ;
; Ignore LCELL Buffers                                           ; Off                ; Off                ;
; Ignore SOFT Buffers                                            ; On                 ; On                 ;
; Limit AHDL Integers to 32 Bits                                 ; Off                ; Off                ;
; Optimization Technique                                         ; Balanced           ; Balanced           ;
; Carry Chain Length                                             ; 70                 ; 70                 ;
; Auto Carry Chains                                              ; On                 ; On                 ;
; Auto Open-Drain Pins                                           ; On                 ; On                 ;
; Perform WYSIWYG Primitive Resynthesis                          ; Off                ; Off                ;
; Perform gate-level register retiming                           ; Off                ; Off                ;
; Allow register retiming to trade off Tsu/Tco with Fmax         ; On                 ; On                 ;
; Auto ROM Replacement                                           ; On                 ; On                 ;
; Auto RAM Replacement                                           ; On                 ; On                 ;
; Auto Shift Register Replacement                                ; Auto               ; Auto               ;
; Auto Clock Enable Replacement                                  ; On                 ; On                 ;
; Strict RAM Replacement                                         ; Off                ; Off                ;
; Allow Synchronous Control Signals                              ; On                 ; On                 ;
; Force Use of Synchronous Clear Signals                         ; Off                ; Off                ;
; Auto RAM to Logic Cell Conversion                              ; Off                ; Off                ;
; Auto Resource Sharing                                          ; Off                ; Off                ;
; Allow Any RAM Size For Recognition                             ; Off                ; Off                ;
; Allow Any ROM Size For Recognition                             ; Off                ; Off                ;
; Allow Any Shift Register Size For Recognition                  ; Off                ; Off                ;
; Use LogicLock Constraints during Resource Balancing            ; On                 ; On                 ;
; Ignore translate_off and synthesis_off directives              ; Off                ; Off                ;
; Show Parameter Settings Tables in Synthesis Report             ; On                 ; On                 ;
; Ignore Maximum Fan-Out Assignments                             ; Off                ; Off                ;
; Synchronization Register Chain Length                          ; 2                  ; 2                  ;
; PowerPlay Power Optimization                                   ; Normal compilation ; Normal compilation ;
; HDL message level                                              ; Level2             ; Level2             ;
; Suppress Register Optimization Related Messages                ; Off                ; Off                ;
; Number of Removed Registers Reported in Synthesis Report       ; 100                ; 100                ;
; Number of Inverted Registers Reported in Synthesis Report      ; 100                ; 100                ;
; Clock MUX Protection                                           ; On                 ; On                 ;
; Auto Gated Clock Conversion                                    ; Off                ; Off                ;
; Block Design Naming                                            ; Auto               ; Auto               ;
; SDC constraint protection                                      ; Off                ; Off                ;
; Synthesis Effort                                               ; Auto               ; Auto               ;
; Allows Asynchronous Clear Usage For Shift Register Replacement ; On                 ; On                 ;
; Analysis & Synthesis Message Level                             ; Medium             ; Medium             ;
+----------------------------------------------------------------+--------------------+--------------------+


+----------------------------------------------------------------------------------------------------------------------------------------------------------+
; Analysis & Synthesis Source Files Read                                                                                                                   ;
+----------------------------------+-----------------+------------------------------------------+----------------------------------------------------------+
; File Name with User-Entered Path ; Used in Netlist ; File Type                                ; File Name with Absolute Path                             ;
+----------------------------------+-----------------+------------------------------------------+----------------------------------------------------------+
; ../MUL/ALU.bdf                   ; yes             ; User Block Diagram/Schematic File        ; D:/Monday/Project/microprogram/ALU/MUL/ALU.bdf           ;
; 3C1.bdf                          ; yes             ; Auto-Found Block Diagram/Schematic File  ; D:/Monday/Project/microprogram/ALU/3c1/3C1.bdf           ;
; 8b_add.bdf                       ; yes             ; Auto-Found Block Diagram/Schematic File  ; D:/Monday/Project/microprogram/ALU/8b-add/8b_add.bdf     ;
; 74181.bdf                        ; yes             ; Megafunction                             ; c:/altera/81/quartus/libraries/others/maxplus2/74181.bdf ;
; MUL.bdf                          ; yes             ; Auto-Found Block Diagram/Schematic File  ; D:/Monday/Project/microprogram/ALU/mul/MUL.bdf           ;
; 74285.bdf                        ; yes             ; Megafunction                             ; c:/altera/81/quartus/libraries/others/maxplus2/74285.bdf ;
; 74284.bdf                        ; yes             ; Megafunction                             ; c:/altera/81/quartus/libraries/others/maxplus2/74284.bdf ;
; mov.bdf                          ; yes             ; Auto-Found Block Diagram/Schematic File  ; D:/Monday/Project/microprogram/ALU/mov/mov.bdf           ;
; 74198.bdf                        ; yes             ; Megafunction                             ; c:/altera/81/quartus/libraries/others/maxplus2/74198.bdf ;
+----------------------------------+-----------------+------------------------------------------+----------------------------------------------------------+


+-----------------------------------------------------+
; Analysis & Synthesis Resource Usage Summary         ;
+---------------------------------------------+-------+
; Resource                                    ; Usage ;
+---------------------------------------------+-------+
; Estimated Total logic elements              ; 120   ;
;                                             ;       ;
; Total combinational functions               ; 120   ;
; Logic element usage by number of LUT inputs ;       ;
;     -- 4 input functions                    ; 96    ;
;     -- 3 input functions                    ; 12    ;
;     -- <=2 input functions                  ; 12    ;
;                                             ;       ;
; Logic elements by mode                      ;       ;
;     -- normal mode                          ; 120   ;
;     -- arithmetic mode                      ; 0     ;
;                                             ;       ;
; Total registers                             ; 8     ;
;     -- Dedicated logic registers            ; 8     ;
;     -- I/O registers                        ; 0     ;
;                                             ;       ;
; I/O pins                                    ; 34    ;
; Maximum fan-out node                        ; A0    ;
; Maximum fan-out                             ; 23    ;
; Total fan-out                               ; 468   ;
; Average fan-out                             ; 2.89  ;
+---------------------------------------------+-------+


+----------------------------------------------------------------------------------------------------------------------------------------------------------------------------------------+
; Analysis & Synthesis Resource Utilization by Entity                                                                                                                                    ;
+----------------------------+-------------------+--------------+-------------+--------------+---------+-----------+------+--------------+--------------------------------+--------------+
; Compilation Hierarchy Node ; LC Combinationals ; LC Registers ; Memory Bits ; DSP Elements ; DSP 9x9 ; DSP 18x18 ; Pins ; Virtual Pins ; Full Hierarchy Name            ; Library Name ;
+----------------------------+-------------------+--------------+-------------+--------------+---------+-----------+------+--------------+--------------------------------+--------------+
; |ALU                       ; 120 (0)           ; 8 (0)        ; 0           ; 0            ; 0       ; 0         ; 34   ; 0            ; |ALU                           ; work         ;
;    |3C1:inst14|            ; 39 (39)           ; 0 (0)        ; 0           ; 0            ; 0       ; 0         ; 0    ; 0            ; |ALU|3C1:inst14                ; work         ;
;    |8b_add:inst11|         ; 28 (0)            ; 0 (0)        ; 0           ; 0            ; 0       ; 0         ; 0    ; 0            ; |ALU|8b_add:inst11             ; work         ;
;       |74181:inst1|        ; 12 (12)           ; 0 (0)        ; 0           ; 0            ; 0       ; 0         ; 0    ; 0            ; |ALU|8b_add:inst11|74181:inst1 ; work         ;
;       |74181:inst|         ; 16 (16)           ; 0 (0)        ; 0           ; 0            ; 0       ; 0         ; 0    ; 0            ; |ALU|8b_add:inst11|74181:inst  ; work         ;
;    |MUL:inst12|            ; 37 (0)            ; 0 (0)        ; 0           ; 0            ; 0       ; 0         ; 0    ; 0            ; |ALU|MUL:inst12                ; work         ;
;       |74284:inst|         ; 29 (29)           ; 0 (0)        ; 0           ; 0            ; 0       ; 0         ; 0    ; 0            ; |ALU|MUL:inst12|74284:inst     ; work         ;
;       |74285:inst1|        ; 8 (8)             ; 0 (0)        ; 0           ; 0            ; 0       ; 0         ; 0    ; 0            ; |ALU|MUL:inst12|74285:inst1    ; work         ;
;    |mov:inst13|            ; 16 (0)            ; 8 (0)        ; 0           ; 0            ; 0       ; 0         ; 0    ; 0            ; |ALU|mov:inst13                ; work         ;
;       |74198:inst|         ; 16 (16)           ; 8 (8)        ; 0           ; 0            ; 0       ; 0         ; 0    ; 0            ; |ALU|mov:inst13|74198:inst     ; work         ;
+----------------------------+-------------------+--------------+-------------+--------------+---------+-----------+------+--------------+--------------------------------+--------------+
Note: For table entries with two numbers listed, the numbers in parentheses indicate the number of resources of the given type used by the specific entity alone. The numbers listed outside of parentheses indicate the total resources of the given type used by the specific entity and all of its sub-entities in the hierarchy.


+------------------------------------------------------+
; General Register Statistics                          ;
+----------------------------------------------+-------+
; Statistic                                    ; Value ;
+----------------------------------------------+-------+
; Total registers                              ; 8     ;
; Number of registers using Synchronous Clear  ; 0     ;
; Number of registers using Synchronous Load   ; 0     ;
; Number of registers using Asynchronous Clear ; 0     ;
; Number of registers using Asynchronous Load  ; 0     ;
; Number of registers using Clock Enable       ; 0     ;
; Number of registers using Preset             ; 0     ;
+----------------------------------------------+-------+


+-------------------------------+
; Analysis & Synthesis Messages ;
+-------------------------------+
Info: *******************************************************************
Info: Running Quartus II Analysis & Synthesis
    Info: Version 8.1 Build 163 10/28/2008 SJ Web Edition
    Info: Processing started: Mon May 21 13:18:33 2018
Info: Command: quartus_map --read_settings_files=on --write_settings_files=off ALU -c ALU
Info: Found 1 design units, including 1 entities, in source file MUL/ALU.bdf
    Info: Found entity 1: ALU
Info: Elaborating entity "ALU" for the top level hierarchy
Warning: Pin "CLK" not connected
Warning: Primitive "AND2" of instance "inst" not used
Warning: Using design file 3c1/3C1.bdf, which is not specified as a design file for the current project, but contains definitions for 1 design units and 1 entities in project
    Info: Found entity 1: 3C1
Info: Elaborating entity "3C1" for hierarchy "3C1:inst14"
Warning: Using design file 8b-add/8b_add.bdf, which is not specified as a design file for the current project, but contains definitions for 1 design units and 1 entities in project
    Info: Found entity 1: 8b_add
Info: Elaborating entity "8b_add" for hierarchy "8b_add:inst11"
Info: Elaborating entity "74181" for hierarchy "8b_add:inst11|74181:inst"
Info: Elaborated megafunction instantiation "8b_add:inst11|74181:inst"
Warning: Using design file mul/MUL.bdf, which is not specified as a design file for the current project, but contains definitions for 1 design units and 1 entities in project
    Info: Found entity 1: MUL
Info: Elaborating entity "MUL" for hierarchy "MUL:inst12"
Info: Elaborating entity "74285" for hierarchy "MUL:inst12|74285:inst1"
Info: Elaborated megafunction instantiation "MUL:inst12|74285:inst1"
Info: Elaborating entity "74284" for hierarchy "MUL:inst12|74284:inst"
Info: Elaborated megafunction instantiation "MUL:inst12|74284:inst"
Warning: Using design file mov/mov.bdf, which is not specified as a design file for the current project, but contains definitions for 1 design units and 1 entities in project
    Info: Found entity 1: mov
Info: Elaborating entity "mov" for hierarchy "mov:inst13"
Info: Elaborating entity "74198" for hierarchy "mov:inst13|74198:inst"
Info: Elaborated megafunction instantiation "mov:inst13|74198:inst"
Info: Ignored 39 buffer(s)
    Info: Ignored 39 SOFT buffer(s)
Warning: Design contains 1 input pin(s) that do not drive logic
    Warning (15610): No output dependent on input pin "CLK"
Info: Implemented 154 device resources after synthesis - the final resource count might be different
    Info: Implemented 26 input pins
    Info: Implemented 8 output pins
    Info: Implemented 120 logic cells
Info: Quartus II Analysis & Synthesis was successful. 0 errors, 8 warnings
    Info: Peak virtual memory: 215 megabytes
    Info: Processing ended: Mon May 21 13:18:36 2018
    Info: Elapsed time: 00:00:03
    Info: Total CPU time (on all processors): 00:00:02


