Classic Timing Analyzer report for CPR0
Tue May 22 15:02:33 2018
Quartus II Version 8.1 Build 163 10/28/2008 SJ Web Edition


---------------------
; Table of Contents ;
---------------------
  1. Legal Notice
  2. Timing Analyzer Summary
  3. Timing Analyzer Settings
  4. tpd
  5. Timing Analyzer Messages



----------------
; Legal Notice ;
----------------
Copyright (C) 1991-2008 Altera Corporation
Your use of Altera Corporation's design tools, logic functions 
and other software and tools, and its AMPP partner logic 
functions, and any output files from any of the foregoing 
(including device programming or simulation files), and any 
associated documentation or information are expressly subject 
to the terms and conditions of the Altera Program License 
Subscription Agreement, Altera MegaCore Function License 
Agreement, or other applicable license agreement, including, 
without limitation, that your use is for the sole purpose of 
programming logic devices manufactured by Altera and sold by 
Altera or its authorized distributors.  Please refer to the 
applicable agreement for further details.



+--------------------------------------------------------------------------------------------------------------------------+
; Timing Analyzer Summary                                                                                                  ;
+------------------------------+-------+---------------+-------------+-------+------+------------+----------+--------------+
; Type                         ; Slack ; Required Time ; Actual Time ; From  ; To   ; From Clock ; To Clock ; Failed Paths ;
+------------------------------+-------+---------------+-------------+-------+------+------------+----------+--------------+
; Worst-case tpd               ; N/A   ; None          ; 13.756 ns   ; LOAD0 ; CPR0 ; --         ; --       ; 0            ;
; Total number of failed paths ;       ;               ;             ;       ;      ;            ;          ; 0            ;
+------------------------------+-------+---------------+-------------+-------+------+------------+----------+--------------+


+--------------------------------------------------------------------------------------------------------------------+
; Timing Analyzer Settings                                                                                           ;
+---------------------------------------------------------------------+--------------------+------+----+-------------+
; Option                                                              ; Setting            ; From ; To ; Entity Name ;
+---------------------------------------------------------------------+--------------------+------+----+-------------+
; Device Name                                                         ; EP2C8Q208C7        ;      ;    ;             ;
; Timing Models                                                       ; Final              ;      ;    ;             ;
; Default hold multicycle                                             ; Same as Multicycle ;      ;    ;             ;
; Cut paths between unrelated clock domains                           ; On                 ;      ;    ;             ;
; Cut off read during write signal paths                              ; On                 ;      ;    ;             ;
; Cut off feedback from I/O pins                                      ; On                 ;      ;    ;             ;
; Report Combined Fast/Slow Timing                                    ; Off                ;      ;    ;             ;
; Ignore Clock Settings                                               ; Off                ;      ;    ;             ;
; Analyze latches as synchronous elements                             ; On                 ;      ;    ;             ;
; Enable Recovery/Removal analysis                                    ; Off                ;      ;    ;             ;
; Enable Clock Latency                                                ; Off                ;      ;    ;             ;
; Use TimeQuest Timing Analyzer                                       ; Off                ;      ;    ;             ;
; Minimum Core Junction Temperature                                   ; 0                  ;      ;    ;             ;
; Maximum Core Junction Temperature                                   ; 85                 ;      ;    ;             ;
; Number of source nodes to report per destination node               ; 10                 ;      ;    ;             ;
; Number of destination nodes to report                               ; 10                 ;      ;    ;             ;
; Number of paths to report                                           ; 200                ;      ;    ;             ;
; Report Minimum Timing Checks                                        ; Off                ;      ;    ;             ;
; Use Fast Timing Models                                              ; Off                ;      ;    ;             ;
; Report IO Paths Separately                                          ; Off                ;      ;    ;             ;
; Perform Multicorner Analysis                                        ; On                 ;      ;    ;             ;
; Reports the worst-case path for each clock domain and analysis      ; Off                ;      ;    ;             ;
; Removes common clock path pessimism (CCPP) during slack computation ; Off                ;      ;    ;             ;
; Output I/O Timing Endpoint                                          ; Near End           ;      ;    ;             ;
+---------------------------------------------------------------------+--------------------+------+----+-------------+


+------------------------------------------------------------+
; tpd                                                        ;
+-------+-------------------+-----------------+-------+------+
; Slack ; Required P2P Time ; Actual P2P Time ; From  ; To   ;
+-------+-------------------+-----------------+-------+------+
; N/A   ; None              ; 13.756 ns       ; LOAD0 ; CPR0 ;
; N/A   ; None              ; 13.544 ns       ; MUL   ; CPR0 ;
; N/A   ; None              ; 13.231 ns       ; XOR   ; CPR0 ;
; N/A   ; None              ; 13.196 ns       ; MOV1  ; CPR0 ;
; N/A   ; None              ; 12.997 ns       ; OR    ; CPR0 ;
; N/A   ; None              ; 12.698 ns       ; T3    ; CPR0 ;
; N/A   ; None              ; 12.611 ns       ; T2    ; CPR0 ;
; N/A   ; None              ; 12.552 ns       ; LOAD6 ; CPR0 ;
; N/A   ; None              ; 12.172 ns       ; LOAD4 ; CPR0 ;
; N/A   ; None              ; 12.166 ns       ; T1    ; CPR0 ;
; N/A   ; None              ; 12.001 ns       ; W2    ; CPR0 ;
; N/A   ; None              ; 11.944 ns       ; T4    ; CPR0 ;
; N/A   ; None              ; 11.884 ns       ; LOAD2 ; CPR0 ;
; N/A   ; None              ; 11.806 ns       ; P     ; CPR0 ;
; N/A   ; None              ; 8.698 ns        ; NOT   ; CPR0 ;
; N/A   ; None              ; 8.657 ns        ; SUB   ; CPR0 ;
; N/A   ; None              ; 8.476 ns        ; ADD   ; CPR0 ;
; N/A   ; None              ; 8.292 ns        ; AND   ; CPR0 ;
+-------+-------------------+-----------------+-------+------+


+--------------------------+
; Timing Analyzer Messages ;
+--------------------------+
Info: *******************************************************************
Info: Running Quartus II Classic Timing Analyzer
    Info: Version 8.1 Build 163 10/28/2008 SJ Web Edition
    Info: Processing started: Tue May 22 15:02:33 2018
Info: Command: quartus_tan --read_settings_files=off --write_settings_files=off CPR0 -c CPR0 --timing_analysis_only
Info: Longest tpd from source pin "LOAD0" to destination pin "CPR0" is 13.756 ns
    Info: 1: + IC(0.000 ns) + CELL(0.913 ns) = 0.913 ns; Loc. = PIN_192; Fanout = 1; PIN Node = 'LOAD0'
    Info: 2: + IC(6.376 ns) + CELL(0.521 ns) = 7.810 ns; Loc. = LCCOMB_X1_Y7_N0; Fanout = 1; COMB Node = 'inst4~169'
    Info: 3: + IC(0.294 ns) + CELL(0.178 ns) = 8.282 ns; Loc. = LCCOMB_X1_Y7_N6; Fanout = 1; COMB Node = 'inst4~172'
    Info: 4: + IC(0.287 ns) + CELL(0.178 ns) = 8.747 ns; Loc. = LCCOMB_X1_Y7_N18; Fanout = 1; COMB Node = 'inst4~174'
    Info: 5: + IC(1.943 ns) + CELL(3.066 ns) = 13.756 ns; Loc. = PIN_69; Fanout = 0; PIN Node = 'CPR0'
    Info: Total cell delay = 4.856 ns ( 35.30 % )
    Info: Total interconnect delay = 8.900 ns ( 64.70 % )
Info: Quartus II Classic Timing Analyzer was successful. 0 errors, 0 warnings
    Info: Peak virtual memory: 176 megabytes
    Info: Processing ended: Tue May 22 15:02:33 2018
    Info: Elapsed time: 00:00:00
    Info: Total CPU time (on all processors): 00:00:00


